#
# A fatal error has been detected by the Java Runtime Environment:
#
#  SIGBUS (0xa) at pc=0x0000000111de54f0, pid=31893, tid=29699
#
# JRE version: Java(TM) SE Runtime Environment (17.0.4+11) (build 17.0.4+11-LTS-179)
# Java VM: Java HotSpot(TM) 64-Bit Server VM (17.0.4+11-LTS-179, mixed mode, sharing, tiered, compressed oops, compressed class ptrs, g1 gc, bsd-aarch64)
# Problematic frame:
# v  ~StubRoutines::SafeFetchN
#
# No core dump will be written. Core dumps have been disabled. To enable core dumping, try "ulimit -c unlimited" before starting Java again
#
# If you would like to submit a bug report, please visit:
#   https://bugreport.java.com/bugreport/crash.jsp
# The crash happened outside the Java Virtual Machine in native code.
# See problematic frame for where to report the bug.
#

---------------  S U M M A R Y ------------

Command Line: --module-path=/Users/nicolejin/.m2/repository/org/openjfx/javafx-base/17.0.1/javafx-base-17.0.1-mac-aarch64.jar:/Users/nicolejin/.m2/repository/org/openjfx/javafx-base/17.0.1/javafx-base-17.0.1.jar:/Users/nicolejin/.m2/repository/org/openjfx/javafx-controls/17.0.1/javafx-controls-17.0.1-mac-aarch64.jar:/Users/nicolejin/.m2/repository/org/openjfx/javafx-controls/17.0.1/javafx-controls-17.0.1.jar:/Users/nicolejin/.m2/repository/org/openjfx/javafx-fxml/17.0.1/javafx-fxml-17.0.1-mac-aarch64.jar:/Users/nicolejin/.m2/repository/org/openjfx/javafx-fxml/17.0.1/javafx-fxml-17.0.1.jar:/Users/nicolejin/.m2/repository/org/openjfx/javafx-graphics/17.0.1/javafx-graphics-17.0.1-mac-aarch64.jar:/Users/nicolejin/.m2/repository/org/openjfx/javafx-graphics/17.0.1/javafx-graphics-17.0.1.jar --add-modules=javafx.base,javafx.controls,javafx.fxml,javafx.graphics App

Host: "Mac14,2" arm64 1 MHz, 8 cores, 16G, Darwin 21.5.0, macOS 12.4 (21F2081)
Time: Tue Aug  2 22:49:35 2022 EDT elapsed time: 3.638051 seconds (0d 0h 0m 3s)

---------------  T H R E A D  ---------------

Current thread (0x0000000122190400):  JavaThread "InvokeLaterDispatcher" daemon [_thread_in_native, id=29699, stack(0x000000016e678000,0x000000016e87b000)]

Stack: [0x000000016e678000,0x000000016e87b000],  sp=0x000000016e87a7b0,  free space=2057k
Native frames: (J=compiled Java code, j=interpreted, Vv=VM code, C=native code)
v  ~StubRoutines::SafeFetchN
V  [libjvm.dylib+0x7a72c0]  OopStorage::release(oopDesc* const*)+0x20
V  [libjvm.dylib+0x4bb8e4]  jni_DeleteGlobalRef+0xc4
C  [libglass.dylib+0xab08]  -[GlassRunnable dealloc]+0x34
C  [Foundation+0x85318]  -[_NSThreadPerformInfo dealloc]+0x30
C  [Foundation+0x518ac]  -[NSObject(NSThreadPerformAdditions) performSelectorOnMainThread:withObject:waitUntilDone:]+0x88
C  0x7a24000111ded8ac
j  com.sun.glass.ui.mac.MacApplication.submitForLaterInvocation(Ljava/lang/Runnable;)V+2 javafx.graphics
j  com.sun.glass.ui.InvokeLaterDispatcher.run()V+82 javafx.graphics
v  ~StubRoutines::call_stub
V  [libjvm.dylib+0x462ef8]  JavaCalls::call_helper(JavaValue*, methodHandle const&, JavaCallArguments*, JavaThread*)+0x38c
V  [libjvm.dylib+0x461f14]  JavaCalls::call_virtual(JavaValue*, Klass*, Symbol*, Symbol*, JavaCallArguments*, JavaThread*)+0x11c
V  [libjvm.dylib+0x461fe0]  JavaCalls::call_virtual(JavaValue*, Handle, Klass*, Symbol*, Symbol*, JavaThread*)+0x64
V  [libjvm.dylib+0x5158a4]  thread_entry(JavaThread*, JavaThread*)+0xc4
V  [libjvm.dylib+0x908030]  JavaThread::thread_main_inner()+0x134
V  [libjvm.dylib+0x906958]  Thread::call_run()+0x128
V  [libjvm.dylib+0x7ade80]  thread_native_entry(Thread*)+0x158
C  [libsystem_pthread.dylib+0x726c]  _pthread_start+0x94

Java frames: (J=compiled Java code, j=interpreted, Vv=VM code)
j  com.sun.glass.ui.mac.MacApplication._submitForLaterInvocation(Ljava/lang/Runnable;)V+0 javafx.graphics
j  com.sun.glass.ui.mac.MacApplication.submitForLaterInvocation(Ljava/lang/Runnable;)V+2 javafx.graphics
j  com.sun.glass.ui.InvokeLaterDispatcher.run()V+82 javafx.graphics
v  ~StubRoutines::call_stub

siginfo: si_signo: 10 (SIGBUS), si_code: 1 (BUS_ADRALN), si_addr: 0x0000000111de54f0

Register to memory mapping:

 x0=0x0000000122813a88 points into unknown readable memory: 0x0000000000000000 | 00 00 00 00 00 00 00 00
 x1=0x0 is NULL
 x2=0x000000070e33ef28 is an oop: com.sun.glass.ui.InvokeLaterDispatcher$Future 
{0x000000070e33ef28} - klass: 'com/sun/glass/ui/InvokeLaterDispatcher$Future'
 - ---- fields (total size 3 words):
 - private 'done' 'Z' @12  true
 - private final 'runnable' 'Ljava/lang/Runnable;' @16  a 'com/sun/javafx/tk/quantum/QuantumToolkit$$Lambda$94+0x0000000800c38870'{0x000000070e817560} (e1d02eac)
 - final synthetic 'this$0' 'Lcom/sun/glass/ui/InvokeLaterDispatcher;' @20  a 'com/sun/glass/ui/InvokeLaterDispatcher'{0x000000070e80ac18} (e1d01583)
 x3=0x0 is NULL
 x4=0x00000000000130a8 is an unknown value
 x5=0x0 is NULL
 x6=0x0 is NULL
 x7=0x0 is NULL
 x8=0x0000000111de54ec is at begin+0 in a stub
StubRoutines::SafeFetchN [0x0000000111de54ec, 0x0000000111de54f8] (12 bytes)
 x9=0x0 is NULL
x10=0x2010000030300000 is an unknown value
x11=0x0000000000000007 is an unknown value
x12=0x0 is NULL
x13=0x0000000122879f40 points into unknown readable memory: 0x3030383038633030 | 30 30 63 38 30 38 30 30
x14=0x00000a0000000000 is an unknown value
x15=0x000000010949df98: OBJC_CLASS_$_GlassRunnable+0 in /Users/nicolejin/.openjfx/cache/17.0.1/libglass.dylib at 0x0000000109458000
x16=0x00000001967f70fc: pthread_getspecific+0 in /usr/lib/system/libsystem_pthread.dylib at 0x00000001967f5000
x17=0x00000001217c2b70 points into unknown readable memory: 0xfffffffffffffffe | fe ff ff ff ff ff ff ff
x18=0x0 is NULL
x19=0x000000012173cfa0 points into unknown readable memory: 0x000000012173d170 | 70 d1 73 21 01 00 00 00
x20=0x0000000122813880 points into unknown readable memory: 0x0000000111e38a0c | 0c 8a e3 11 01 00 00 00
x21=0x0000000122813a88 points into unknown readable memory: 0x0000000000000000 | 00 00 00 00 00 00 00 00
x22=0x0000000122190400 is a thread
x23=0x0000000000000001 is an unknown value
x24=0x0000000122813a40 is a global jni handle
x25=0x000000010a295638: _ZN12StubRoutines17_safefetchN_entryE+0 in /Library/Java/JavaVirtualMachines/jdk-17.0.4.jdk/Contents/Home/lib/server/libjvm.dylib at 0x00000001096f8000
x26=0x0000000136514b70 is pointing into metadata
x27=0x0 is NULL
x28=0x0000000122190400 is a thread


Registers:
 x0=0x0000000122813a88  x1=0x0000000000000000  x2=0x000000070e33ef28  x3=0x0000000000000000
 x4=0x00000000000130a8  x5=0x0000000000000000  x6=0x0000000000000000  x7=0x0000000000000000
 x8=0x0000000111de54ec  x9=0x0000000000000000 x10=0x2010000030300000 x11=0x0000000000000007
x12=0x0000000000000000 x13=0x0000000122879f40 x14=0x00000a0000000000 x15=0x000000010949df98
x16=0x00000001967f70fc x17=0x00000001217c2b70 x18=0x0000000000000000 x19=0x000000012173cfa0
x20=0x0000000122813880 x21=0x0000000122813a88 x22=0x0000000122190400 x23=0x0000000000000001
x24=0x0000000122813a40 x25=0x000000010a295638 x26=0x0000000136514b70 x27=0x0000000000000000
x28=0x0000000122190400  fp=0x000000016e87a7f0  lr=0x0000000109e9e090  sp=0x000000016e87a7b0
pc=0x0000000111de54f0 cpsr=0x0000000060001000
Top of Stack: (sp=0x000000016e87a7b0)
0x000000016e87a7b0:   0000000136514b70 0000000000000001
0x000000016e87a7c0:   000000016e87a9a8 00000001385045f0
0x000000016e87a7d0:   0000000000000000 0000000122813a40
0x000000016e87a7e0:   0000000122813a40 000000012173cfa0
0x000000016e87a7f0:   000000016e87a830 0000000109e9f2c0
0x000000016e87a800:   0000000000000001 0000000122813a40
0x000000016e87a810:   0000000000000000 0000000122813a40
0x000000016e87a820:   0000000000000001 0000000122237200
0x000000016e87a830:   000000016e87a860 0000000109bb38e4
0x000000016e87a840:   0000000138505050 00000001e0acc7dc
0x000000016e87a850:   0000000000000000 0000000138505050
0x000000016e87a860:   000000016e87a890 0000000109462b08
0x000000016e87a870:   7fbd5a2beebd0043 0000000000000000
0x000000016e87a880:   0000000000000000 0000000138504b70
0x000000016e87a890:   000000016e87a8d0 00000001977cd318
0x000000016e87a8a0:   000000016e87a9a8 00000001385045f0
0x000000016e87a8b0:   0000000138505050 7fbd5a2beebd0043
0x000000016e87a8c0:   0000000000000000 0000000000000000
0x000000016e87a8d0:   000000016e87a910 17000001977998ac
0x000000016e87a8e0:   000000016e87a9a8 0000000111dec7c0
0x000000016e87a8f0:   0000000000000000 000000010a29cff8
0x000000016e87a900:   000000016e87a920 0000000111deb730
0x000000016e87a910:   000000016e87a980 7a24000111ded8ac
0x000000016e87a920:   000000016e87a988 0000000136146eb0
0x000000016e87a930:   000000016e87a930 0000000000000000
0x000000016e87a940:   000000016e87a9a8 0000000136514b70
0x000000016e87a950:   000000070e816c30 0000000000000000
0x000000016e87a960:   0000000000000000 00000001364ecb80
0x000000016e87a970:   0000000000000000 000000016e87a980
0x000000016e87a980:   000000016e87aa00 0000000111de9fc8
0x000000016e87a990:   0000000000000000 0000000000000000
0x000000016e87a9a0:   000000070e33ef28 000000070e816ca8 

Instructions: (pc=0x0000000111de54f0)
0x0000000111de53f0:   f2a144c9 f2c00029 6d425935 1e640886
0x0000000111de5400:   0c402d31 1e6408c7 1f5654d0 1e6c1017
0x0000000111de5410:   1f5050d0 1f504cd0 1f5048d0 1e650af6
0x0000000111de5420:   1f50d8f6 1f5694d6 1f5158f6 1e762880
0x0000000111de5430:   36000501 1e614000 14000026 2e251ca5
0x0000000111de5440:   d2843009 f2a144c9 f2c00029 6d425d36
0x0000000111de5450:   1e600806 0c402d32 1f5758c7 1e6c101a
0x0000000111de5460:   1f4754c7 1e650805 1f4750c7 d2866668
0x0000000111de5470:   f2a7fa68 1f474cc7 1e6608c0 1f4748c7
0x0000000111de5480:   1e6e1019 eb08007f 540000ac 1f479400
0x0000000111de5490:   1f460340 1e603b20 1400000e d2a7fd29
0x0000000111de54a0:   eb09007f 540000ac 51480069 d3607d29
0x0000000111de54b0:   9e670121 14000002 1e6a5001 1f679417
0x0000000111de54c0:   1f668742 1e613b23 1e773857 1e773860
0x0000000111de54d0:   a8c17ff3 910003bf a8c17bfd d65f03c0
0x0000000111de54e0:   b9400001 aa0103e0 d65f03c0 f9400001
0x0000000111de54f0:   aa0103e0 d65f03c0 00000000 00000000
0x0000000111de5500:   00000000 00000000 00000000 00000000
0x0000000111de5510:   00000000 00000000 00000000 00000000
0x0000000111de5520:   00000000 00000000 00000000 00000000
0x0000000111de5530:   00000000 00000000 00000000 00000000
0x0000000111de5540:   00000000 00000000 00000000 00000000
0x0000000111de5550:   00000000 00000000 00000000 00000000
0x0000000111de5560:   00000000 00000000 00000000 00000000
0x0000000111de5570:   00000000 00000000 00000000 00000000
0x0000000111de5580:   00000000 00000000 00000000 00000000
0x0000000111de5590:   00000000 00000000 00000000 00000000
0x0000000111de55a0:   00000000 00000000 00000000 00000000
0x0000000111de55b0:   00000000 00000000 00000000 00000000
0x0000000111de55c0:   00000000 00000000 00000000 00000000
0x0000000111de55d0:   00000000 00000000 00000000 00000000
0x0000000111de55e0:   00000000 00000000 00000000 00000000 


Stack slot to memory mapping:
stack at sp + 0 slots: 0x0000000136514b70 is pointing into metadata
stack at sp + 1 slots: 0x0000000000000001 is an unknown value
stack at sp + 2 slots: 0x000000016e87a9a8 is pointing into the stack for thread: 0x0000000122190400
stack at sp + 3 slots: 0x00000001385045f0 points into unknown readable memory: 0x01000001ef1de031 | 31 e0 1d ef 01 00 00 01
stack at sp + 4 slots: 0x0 is NULL
stack at sp + 5 slots: 0x0000000122813a40 is a global jni handle
stack at sp + 6 slots: 0x0000000122813a40 is a global jni handle
stack at sp + 7 slots: 0x000000012173cfa0 points into unknown readable memory: 0x000000012173d170 | 70 d1 73 21 01 00 00 00

StubRoutines::SafeFetchN [0x0000000111de54ec, 0x0000000111de54f8] (12 bytes)
[MachCode]
  0x0000000111de54ec: 0100 40f9 | e003 01aa | c003 5fd6 
[/MachCode]

---------------  P R O C E S S  ---------------

Threads class SMR info:
_java_thread_list=0x0000000109507190, length=18, elements={
0x000000012200a200, 0x0000000123013c00, 0x0000000122103e00, 0x0000000123016800,
0x0000000123018800, 0x0000000123018e00, 0x0000000123016e00, 0x0000000122104a00,
0x0000000122106000, 0x0000000123017400, 0x0000000138874800, 0x0000000123020600,
0x0000000122190400, 0x0000000122237200, 0x000000012181f200, 0x0000000138e34a00,
0x000000012224ec00, 0x000000013e00b200
}

Java Threads: ( => current thread )
  0x000000012200a200 JavaThread "main" [_thread_blocked, id=6147, stack(0x000000016be7c000,0x000000016c07f000)]
  0x0000000123013c00 JavaThread "Reference Handler" daemon [_thread_blocked, id=15363, stack(0x000000016ccd0000,0x000000016ced3000)]
  0x0000000122103e00 JavaThread "Finalizer" daemon [_thread_blocked, id=15875, stack(0x000000016cedc000,0x000000016d0df000)]
  0x0000000123016800 JavaThread "Signal Dispatcher" daemon [_thread_blocked, id=42499, stack(0x000000016d200000,0x000000016d403000)]
  0x0000000123018800 JavaThread "Service Thread" daemon [_thread_blocked, id=42243, stack(0x000000016d40c000,0x000000016d60f000)]
  0x0000000123018e00 JavaThread "Monitor Deflation Thread" daemon [_thread_blocked, id=41987, stack(0x000000016d618000,0x000000016d81b000)]
  0x0000000123016e00 JavaThread "C2 CompilerThread0" daemon [_thread_blocked, id=23555, stack(0x000000016d824000,0x000000016da27000)]
  0x0000000122104a00 JavaThread "C1 CompilerThread0" daemon [_thread_blocked, id=41219, stack(0x000000016da30000,0x000000016dc33000)]
  0x0000000122106000 JavaThread "Sweeper thread" daemon [_thread_blocked, id=23811, stack(0x000000016dc3c000,0x000000016de3f000)]
  0x0000000123017400 JavaThread "Common-Cleaner" daemon [_thread_blocked, id=40451, stack(0x000000016de48000,0x000000016e04b000)]
  0x0000000138874800 JavaThread "Notification Thread" daemon [_thread_blocked, id=39939, stack(0x000000016e054000,0x000000016e257000)]
  0x0000000123020600 JavaThread "QuantumRenderer-0" daemon [_thread_blocked, id=39683, stack(0x000000016e46c000,0x000000016e66f000)]
=>0x0000000122190400 JavaThread "InvokeLaterDispatcher" daemon [_thread_in_native, id=29699, stack(0x000000016e678000,0x000000016e87b000)]
  0x0000000122237200 JavaThread "JavaFX Application Thread" [_thread_in_vm, id=259, stack(0x000000016b5f4000,0x000000016bdf0000)]
  0x000000012181f200 JavaThread "JavaFX-Launcher" [_thread_blocked, id=77063, stack(0x000000016eb1c000,0x000000016ed1f000)]
  0x0000000138e34a00 JavaThread "Prism Font Disposer" daemon [_thread_blocked, id=70151, stack(0x000000016f764000,0x000000016f967000)]
  0x000000012224ec00 JavaThread "Cleaner-0" daemon [_thread_blocked, id=72715, stack(0x000000016f970000,0x000000016fb73000)]
  0x000000013e00b200 JavaThread "PulseTimer-CVDisplayLink thread" daemon [_thread_in_native, id=1307, stack(0x000000016e884000,0x000000016e907000)]

Other Threads:
  0x0000000121742b50 VMThread "VM Thread" [stack: 0x000000016cac4000,0x000000016ccc7000] [id=14595]
  0x000000010463fb40 WatcherThread [stack: 0x000000016e260000,0x000000016e463000] [id=24323]
  0x0000000121717ae0 GCTaskThread "GC Thread#0" [stack: 0x000000016c088000,0x000000016c28b000] [id=19715]
  0x00000001387d5ca0 GCTaskThread "GC Thread#1" [stack: 0x000000016ed28000,0x000000016ef2b000] [id=52995]
  0x00000001387d6580 GCTaskThread "GC Thread#2" [stack: 0x000000016ef34000,0x000000016f137000] [id=53507]
  0x00000001387d6e60 GCTaskThread "GC Thread#3" [stack: 0x000000016f140000,0x000000016f343000] [id=73987]
  0x00000001387d7740 GCTaskThread "GC Thread#4" [stack: 0x000000016f34c000,0x000000016f54f000] [id=73475]
  0x00000001387d8020 GCTaskThread "GC Thread#5" [stack: 0x000000016f558000,0x000000016f75b000] [id=54019]
  0x0000000121718990 ConcurrentGCThread "G1 Main Marker" [stack: 0x000000016c294000,0x000000016c497000] [id=19203]
  0x0000000121719760 ConcurrentGCThread "G1 Conc#0" [stack: 0x000000016c4a0000,0x000000016c6a3000] [id=12803]
  0x0000000121733610 ConcurrentGCThread "G1 Refine#0" [stack: 0x000000016c6ac000,0x000000016c8af000] [id=13315]
  0x00000001217343b0 ConcurrentGCThread "G1 Service" [stack: 0x000000016c8b8000,0x000000016cabb000] [id=18435]

Threads with active compile tasks:

VM state: not at safepoint (normal execution)

VM Mutex/Monitor currently owned by a thread: None

Heap address: 0x0000000700000000, size: 4096 MB, Compressed Oops mode: Zero based, Oop shift amount: 3

CDS archive(s) mapped at: [0x0000000800000000-0x0000000800bd8000-0x0000000800bd8000), size 12419072, SharedBaseAddress: 0x0000000800000000, ArchiveRelocationMode: 0.
Compressed class space mapped at: 0x0000000800c00000-0x0000000840c00000, reserved size: 1073741824
Narrow klass base: 0x0000000800000000, Narrow klass shift: 0, Narrow klass range: 0x100000000

GC Precious Log:
 CPUs: 8 total, 8 available
 Memory: 16384M
 Large Page Support: Disabled
 NUMA Support: Disabled
 Compressed Oops: Enabled (Zero based)
 Heap Region Size: 2M
 Heap Min Capacity: 8M
 Heap Initial Capacity: 256M
 Heap Max Capacity: 4G
 Pre-touch: Disabled
 Parallel Workers: 8
 Concurrent Workers: 2
 Concurrent Refinement Workers: 8
 Periodic GC: Disabled

Heap:
 garbage-first heap   total 266240K, used 56138K [0x0000000700000000, 0x0000000800000000)
  region size 2048K, 26 young (53248K), 2 survivors (4096K)
 Metaspace       used 17784K, committed 18048K, reserved 1064960K
  class space    used 2748K, committed 2880K, reserved 1048576K

Heap Regions: E=young(eden), S=young(survivor), O=old, HS=humongous(starts), HC=humongous(continues), CS=collection set, F=free, OA=open archive, CA=closed archive, TAMS=top-at-mark-start (previous, next)
|   0|0x0000000700000000, 0x0000000700200000, 0x0000000700200000|100%|HS|  |TAMS 0x0000000700000000, 0x0000000700000000| Complete 
|   1|0x0000000700200000, 0x0000000700400000, 0x0000000700400000|100%|HS|  |TAMS 0x0000000700200000, 0x0000000700200000| Complete 
|   2|0x0000000700400000, 0x0000000700400000, 0x0000000700600000|  0%| F|  |TAMS 0x0000000700400000, 0x0000000700400000| Untracked 
|   3|0x0000000700600000, 0x0000000700600000, 0x0000000700800000|  0%| F|  |TAMS 0x0000000700600000, 0x0000000700600000| Untracked 
|   4|0x0000000700800000, 0x0000000700800000, 0x0000000700a00000|  0%| F|  |TAMS 0x0000000700800000, 0x0000000700800000| Untracked 
|   5|0x0000000700a00000, 0x0000000700a00000, 0x0000000700c00000|  0%| F|  |TAMS 0x0000000700a00000, 0x0000000700a00000| Untracked 
|   6|0x0000000700c00000, 0x0000000700c00000, 0x0000000700e00000|  0%| F|  |TAMS 0x0000000700c00000, 0x0000000700c00000| Untracked 
|   7|0x0000000700e00000, 0x0000000700e00000, 0x0000000701000000|  0%| F|  |TAMS 0x0000000700e00000, 0x0000000700e00000| Untracked 
|   8|0x0000000701000000, 0x0000000701000000, 0x0000000701200000|  0%| F|  |TAMS 0x0000000701000000, 0x0000000701000000| Untracked 
|   9|0x0000000701200000, 0x0000000701200000, 0x0000000701400000|  0%| F|  |TAMS 0x0000000701200000, 0x0000000701200000| Untracked 
|  10|0x0000000701400000, 0x0000000701400000, 0x0000000701600000|  0%| F|  |TAMS 0x0000000701400000, 0x0000000701400000| Untracked 
|  11|0x0000000701600000, 0x0000000701600000, 0x0000000701800000|  0%| F|  |TAMS 0x0000000701600000, 0x0000000701600000| Untracked 
|  12|0x0000000701800000, 0x0000000701800000, 0x0000000701a00000|  0%| F|  |TAMS 0x0000000701800000, 0x0000000701800000| Untracked 
|  13|0x0000000701a00000, 0x0000000701a00000, 0x0000000701c00000|  0%| F|  |TAMS 0x0000000701a00000, 0x0000000701a00000| Untracked 
|  14|0x0000000701c00000, 0x0000000701c00000, 0x0000000701e00000|  0%| F|  |TAMS 0x0000000701c00000, 0x0000000701c00000| Untracked 
|  15|0x0000000701e00000, 0x0000000701e00000, 0x0000000702000000|  0%| F|  |TAMS 0x0000000701e00000, 0x0000000701e00000| Untracked 
|  16|0x0000000702000000, 0x0000000702000000, 0x0000000702200000|  0%| F|  |TAMS 0x0000000702000000, 0x0000000702000000| Untracked 
|  17|0x0000000702200000, 0x0000000702200000, 0x0000000702400000|  0%| F|  |TAMS 0x0000000702200000, 0x0000000702200000| Untracked 
|  18|0x0000000702400000, 0x0000000702400000, 0x0000000702600000|  0%| F|  |TAMS 0x0000000702400000, 0x0000000702400000| Untracked 
|  19|0x0000000702600000, 0x0000000702600000, 0x0000000702800000|  0%| F|  |TAMS 0x0000000702600000, 0x0000000702600000| Untracked 
|  20|0x0000000702800000, 0x0000000702800000, 0x0000000702a00000|  0%| F|  |TAMS 0x0000000702800000, 0x0000000702800000| Untracked 
|  21|0x0000000702a00000, 0x0000000702a00000, 0x0000000702c00000|  0%| F|  |TAMS 0x0000000702a00000, 0x0000000702a00000| Untracked 
|  22|0x0000000702c00000, 0x0000000702c00000, 0x0000000702e00000|  0%| F|  |TAMS 0x0000000702c00000, 0x0000000702c00000| Untracked 
|  23|0x0000000702e00000, 0x0000000702e00000, 0x0000000703000000|  0%| F|  |TAMS 0x0000000702e00000, 0x0000000702e00000| Untracked 
|  24|0x0000000703000000, 0x0000000703000000, 0x0000000703200000|  0%| F|  |TAMS 0x0000000703000000, 0x0000000703000000| Untracked 
|  25|0x0000000703200000, 0x0000000703200000, 0x0000000703400000|  0%| F|  |TAMS 0x0000000703200000, 0x0000000703200000| Untracked 
|  26|0x0000000703400000, 0x0000000703400000, 0x0000000703600000|  0%| F|  |TAMS 0x0000000703400000, 0x0000000703400000| Untracked 
|  27|0x0000000703600000, 0x0000000703600000, 0x0000000703800000|  0%| F|  |TAMS 0x0000000703600000, 0x0000000703600000| Untracked 
|  28|0x0000000703800000, 0x0000000703800000, 0x0000000703a00000|  0%| F|  |TAMS 0x0000000703800000, 0x0000000703800000| Untracked 
|  29|0x0000000703a00000, 0x0000000703a00000, 0x0000000703c00000|  0%| F|  |TAMS 0x0000000703a00000, 0x0000000703a00000| Untracked 
|  30|0x0000000703c00000, 0x0000000703c00000, 0x0000000703e00000|  0%| F|  |TAMS 0x0000000703c00000, 0x0000000703c00000| Untracked 
|  31|0x0000000703e00000, 0x0000000703e00000, 0x0000000704000000|  0%| F|  |TAMS 0x0000000703e00000, 0x0000000703e00000| Untracked 
|  32|0x0000000704000000, 0x0000000704000000, 0x0000000704200000|  0%| F|  |TAMS 0x0000000704000000, 0x0000000704000000| Untracked 
|  33|0x0000000704200000, 0x0000000704200000, 0x0000000704400000|  0%| F|  |TAMS 0x0000000704200000, 0x0000000704200000| Untracked 
|  34|0x0000000704400000, 0x0000000704400000, 0x0000000704600000|  0%| F|  |TAMS 0x0000000704400000, 0x0000000704400000| Untracked 
|  35|0x0000000704600000, 0x0000000704600000, 0x0000000704800000|  0%| F|  |TAMS 0x0000000704600000, 0x0000000704600000| Untracked 
|  36|0x0000000704800000, 0x0000000704800000, 0x0000000704a00000|  0%| F|  |TAMS 0x0000000704800000, 0x0000000704800000| Untracked 
|  37|0x0000000704a00000, 0x0000000704a00000, 0x0000000704c00000|  0%| F|  |TAMS 0x0000000704a00000, 0x0000000704a00000| Untracked 
|  38|0x0000000704c00000, 0x0000000704c00000, 0x0000000704e00000|  0%| F|  |TAMS 0x0000000704c00000, 0x0000000704c00000| Untracked 
|  39|0x0000000704e00000, 0x0000000704e00000, 0x0000000705000000|  0%| F|  |TAMS 0x0000000704e00000, 0x0000000704e00000| Untracked 
|  40|0x0000000705000000, 0x0000000705000000, 0x0000000705200000|  0%| F|  |TAMS 0x0000000705000000, 0x0000000705000000| Untracked 
|  41|0x0000000705200000, 0x0000000705200000, 0x0000000705400000|  0%| F|  |TAMS 0x0000000705200000, 0x0000000705200000| Untracked 
|  42|0x0000000705400000, 0x0000000705400000, 0x0000000705600000|  0%| F|  |TAMS 0x0000000705400000, 0x0000000705400000| Untracked 
|  43|0x0000000705600000, 0x0000000705600000, 0x0000000705800000|  0%| F|  |TAMS 0x0000000705600000, 0x0000000705600000| Untracked 
|  44|0x0000000705800000, 0x0000000705800000, 0x0000000705a00000|  0%| F|  |TAMS 0x0000000705800000, 0x0000000705800000| Untracked 
|  45|0x0000000705a00000, 0x0000000705a00000, 0x0000000705c00000|  0%| F|  |TAMS 0x0000000705a00000, 0x0000000705a00000| Untracked 
|  46|0x0000000705c00000, 0x0000000705c00000, 0x0000000705e00000|  0%| F|  |TAMS 0x0000000705c00000, 0x0000000705c00000| Untracked 
|  47|0x0000000705e00000, 0x0000000705e00000, 0x0000000706000000|  0%| F|  |TAMS 0x0000000705e00000, 0x0000000705e00000| Untracked 
|  48|0x0000000706000000, 0x0000000706000000, 0x0000000706200000|  0%| F|  |TAMS 0x0000000706000000, 0x0000000706000000| Untracked 
|  49|0x0000000706200000, 0x0000000706200000, 0x0000000706400000|  0%| F|  |TAMS 0x0000000706200000, 0x0000000706200000| Untracked 
|  50|0x0000000706400000, 0x0000000706400000, 0x0000000706600000|  0%| F|  |TAMS 0x0000000706400000, 0x0000000706400000| Untracked 
|  51|0x0000000706600000, 0x0000000706600000, 0x0000000706800000|  0%| F|  |TAMS 0x0000000706600000, 0x0000000706600000| Untracked 
|  52|0x0000000706800000, 0x0000000706800000, 0x0000000706a00000|  0%| F|  |TAMS 0x0000000706800000, 0x0000000706800000| Untracked 
|  53|0x0000000706a00000, 0x0000000706a00000, 0x0000000706c00000|  0%| F|  |TAMS 0x0000000706a00000, 0x0000000706a00000| Untracked 
|  54|0x0000000706c00000, 0x0000000706c00000, 0x0000000706e00000|  0%| F|  |TAMS 0x0000000706c00000, 0x0000000706c00000| Untracked 
|  55|0x0000000706e00000, 0x0000000706e00000, 0x0000000707000000|  0%| F|  |TAMS 0x0000000706e00000, 0x0000000706e00000| Untracked 
|  56|0x0000000707000000, 0x0000000707000000, 0x0000000707200000|  0%| F|  |TAMS 0x0000000707000000, 0x0000000707000000| Untracked 
|  57|0x0000000707200000, 0x0000000707200000, 0x0000000707400000|  0%| F|  |TAMS 0x0000000707200000, 0x0000000707200000| Untracked 
|  58|0x0000000707400000, 0x0000000707400000, 0x0000000707600000|  0%| F|  |TAMS 0x0000000707400000, 0x0000000707400000| Untracked 
|  59|0x0000000707600000, 0x0000000707600000, 0x0000000707800000|  0%| F|  |TAMS 0x0000000707600000, 0x0000000707600000| Untracked 
|  60|0x0000000707800000, 0x0000000707800000, 0x0000000707a00000|  0%| F|  |TAMS 0x0000000707800000, 0x0000000707800000| Untracked 
|  61|0x0000000707a00000, 0x0000000707a00000, 0x0000000707c00000|  0%| F|  |TAMS 0x0000000707a00000, 0x0000000707a00000| Untracked 
|  62|0x0000000707c00000, 0x0000000707c00000, 0x0000000707e00000|  0%| F|  |TAMS 0x0000000707c00000, 0x0000000707c00000| Untracked 
|  63|0x0000000707e00000, 0x0000000707e00000, 0x0000000708000000|  0%| F|  |TAMS 0x0000000707e00000, 0x0000000707e00000| Untracked 
|  64|0x0000000708000000, 0x0000000708000000, 0x0000000708200000|  0%| F|  |TAMS 0x0000000708000000, 0x0000000708000000| Untracked 
|  65|0x0000000708200000, 0x0000000708200000, 0x0000000708400000|  0%| F|  |TAMS 0x0000000708200000, 0x0000000708200000| Untracked 
|  66|0x0000000708400000, 0x0000000708400000, 0x0000000708600000|  0%| F|  |TAMS 0x0000000708400000, 0x0000000708400000| Untracked 
|  67|0x0000000708600000, 0x0000000708600000, 0x0000000708800000|  0%| F|  |TAMS 0x0000000708600000, 0x0000000708600000| Untracked 
|  68|0x0000000708800000, 0x0000000708800000, 0x0000000708a00000|  0%| F|  |TAMS 0x0000000708800000, 0x0000000708800000| Untracked 
|  69|0x0000000708a00000, 0x0000000708a00000, 0x0000000708c00000|  0%| F|  |TAMS 0x0000000708a00000, 0x0000000708a00000| Untracked 
|  70|0x0000000708c00000, 0x0000000708c00000, 0x0000000708e00000|  0%| F|  |TAMS 0x0000000708c00000, 0x0000000708c00000| Untracked 
|  71|0x0000000708e00000, 0x0000000708e00000, 0x0000000709000000|  0%| F|  |TAMS 0x0000000708e00000, 0x0000000708e00000| Untracked 
|  72|0x0000000709000000, 0x0000000709000000, 0x0000000709200000|  0%| F|  |TAMS 0x0000000709000000, 0x0000000709000000| Untracked 
|  73|0x0000000709200000, 0x0000000709200000, 0x0000000709400000|  0%| F|  |TAMS 0x0000000709200000, 0x0000000709200000| Untracked 
|  74|0x0000000709400000, 0x0000000709400000, 0x0000000709600000|  0%| F|  |TAMS 0x0000000709400000, 0x0000000709400000| Untracked 
|  75|0x0000000709600000, 0x0000000709600000, 0x0000000709800000|  0%| F|  |TAMS 0x0000000709600000, 0x0000000709600000| Untracked 
|  76|0x0000000709800000, 0x0000000709800000, 0x0000000709a00000|  0%| F|  |TAMS 0x0000000709800000, 0x0000000709800000| Untracked 
|  77|0x0000000709a00000, 0x0000000709a00000, 0x0000000709c00000|  0%| F|  |TAMS 0x0000000709a00000, 0x0000000709a00000| Untracked 
|  78|0x0000000709c00000, 0x0000000709c00000, 0x0000000709e00000|  0%| F|  |TAMS 0x0000000709c00000, 0x0000000709c00000| Untracked 
|  79|0x0000000709e00000, 0x0000000709e00000, 0x000000070a000000|  0%| F|  |TAMS 0x0000000709e00000, 0x0000000709e00000| Untracked 
|  80|0x000000070a000000, 0x000000070a000000, 0x000000070a200000|  0%| F|  |TAMS 0x000000070a000000, 0x000000070a000000| Untracked 
|  81|0x000000070a200000, 0x000000070a200000, 0x000000070a400000|  0%| F|  |TAMS 0x000000070a200000, 0x000000070a200000| Untracked 
|  82|0x000000070a400000, 0x000000070a400000, 0x000000070a600000|  0%| F|  |TAMS 0x000000070a400000, 0x000000070a400000| Untracked 
|  83|0x000000070a600000, 0x000000070a600000, 0x000000070a800000|  0%| F|  |TAMS 0x000000070a600000, 0x000000070a600000| Untracked 
|  84|0x000000070a800000, 0x000000070a800000, 0x000000070aa00000|  0%| F|  |TAMS 0x000000070a800000, 0x000000070a800000| Untracked 
|  85|0x000000070aa00000, 0x000000070aa00000, 0x000000070ac00000|  0%| F|  |TAMS 0x000000070aa00000, 0x000000070aa00000| Untracked 
|  86|0x000000070ac00000, 0x000000070ac00000, 0x000000070ae00000|  0%| F|  |TAMS 0x000000070ac00000, 0x000000070ac00000| Untracked 
|  87|0x000000070ae00000, 0x000000070ae00000, 0x000000070b000000|  0%| F|  |TAMS 0x000000070ae00000, 0x000000070ae00000| Untracked 
|  88|0x000000070b000000, 0x000000070b000000, 0x000000070b200000|  0%| F|  |TAMS 0x000000070b000000, 0x000000070b000000| Untracked 
|  89|0x000000070b200000, 0x000000070b200000, 0x000000070b400000|  0%| F|  |TAMS 0x000000070b200000, 0x000000070b200000| Untracked 
|  90|0x000000070b400000, 0x000000070b400000, 0x000000070b600000|  0%| F|  |TAMS 0x000000070b400000, 0x000000070b400000| Untracked 
|  91|0x000000070b600000, 0x000000070b600000, 0x000000070b800000|  0%| F|  |TAMS 0x000000070b600000, 0x000000070b600000| Untracked 
|  92|0x000000070b800000, 0x000000070b800000, 0x000000070ba00000|  0%| F|  |TAMS 0x000000070b800000, 0x000000070b800000| Untracked 
|  93|0x000000070ba00000, 0x000000070ba00000, 0x000000070bc00000|  0%| F|  |TAMS 0x000000070ba00000, 0x000000070ba00000| Untracked 
|  94|0x000000070bc00000, 0x000000070bc00000, 0x000000070be00000|  0%| F|  |TAMS 0x000000070bc00000, 0x000000070bc00000| Untracked 
|  95|0x000000070be00000, 0x000000070be00000, 0x000000070c000000|  0%| F|  |TAMS 0x000000070be00000, 0x000000070be00000| Untracked 
|  96|0x000000070c000000, 0x000000070c000000, 0x000000070c200000|  0%| F|  |TAMS 0x000000070c000000, 0x000000070c000000| Untracked 
|  97|0x000000070c200000, 0x000000070c200000, 0x000000070c400000|  0%| F|  |TAMS 0x000000070c200000, 0x000000070c200000| Untracked 
|  98|0x000000070c400000, 0x000000070c400000, 0x000000070c600000|  0%| F|  |TAMS 0x000000070c400000, 0x000000070c400000| Untracked 
|  99|0x000000070c600000, 0x000000070c600000, 0x000000070c800000|  0%| F|  |TAMS 0x000000070c600000, 0x000000070c600000| Untracked 
| 100|0x000000070c800000, 0x000000070c800000, 0x000000070ca00000|  0%| F|  |TAMS 0x000000070c800000, 0x000000070c800000| Untracked 
| 101|0x000000070ca00000, 0x000000070ca00000, 0x000000070cc00000|  0%| F|  |TAMS 0x000000070ca00000, 0x000000070ca00000| Untracked 
| 102|0x000000070cc00000, 0x000000070cd833d8, 0x000000070ce00000| 75%| E|  |TAMS 0x000000070cc00000, 0x000000070cc00000| Complete 
| 103|0x000000070ce00000, 0x000000070d000000, 0x000000070d000000|100%| E|CS|TAMS 0x000000070ce00000, 0x000000070ce00000| Complete 
| 104|0x000000070d000000, 0x000000070d200000, 0x000000070d200000|100%| E|CS|TAMS 0x000000070d000000, 0x000000070d000000| Complete 
| 105|0x000000070d200000, 0x000000070d400000, 0x000000070d400000|100%| E|CS|TAMS 0x000000070d200000, 0x000000070d200000| Complete 
| 106|0x000000070d400000, 0x000000070d600000, 0x000000070d600000|100%| E|CS|TAMS 0x000000070d400000, 0x000000070d400000| Complete 
| 107|0x000000070d600000, 0x000000070d800000, 0x000000070d800000|100%| E|CS|TAMS 0x000000070d600000, 0x000000070d600000| Complete 
| 108|0x000000070d800000, 0x000000070da00000, 0x000000070da00000|100%| E|CS|TAMS 0x000000070d800000, 0x000000070d800000| Complete 
| 109|0x000000070da00000, 0x000000070dc00000, 0x000000070dc00000|100%| E|CS|TAMS 0x000000070da00000, 0x000000070da00000| Complete 
| 110|0x000000070dc00000, 0x000000070de00000, 0x000000070de00000|100%| E|CS|TAMS 0x000000070dc00000, 0x000000070dc00000| Complete 
| 111|0x000000070de00000, 0x000000070e000000, 0x000000070e000000|100%| E|CS|TAMS 0x000000070de00000, 0x000000070de00000| Complete 
| 112|0x000000070e000000, 0x000000070e200000, 0x000000070e200000|100%| E|CS|TAMS 0x000000070e000000, 0x000000070e000000| Complete 
| 113|0x000000070e200000, 0x000000070e400000, 0x000000070e400000|100%| E|CS|TAMS 0x000000070e200000, 0x000000070e200000| Complete 
| 114|0x000000070e400000, 0x000000070e600000, 0x000000070e600000|100%| E|CS|TAMS 0x000000070e400000, 0x000000070e400000| Complete 
| 115|0x000000070e600000, 0x000000070e6daa88, 0x000000070e800000| 42%| S|CS|TAMS 0x000000070e600000, 0x000000070e600000| Complete 
| 116|0x000000070e800000, 0x000000070ea00000, 0x000000070ea00000|100%| S|CS|TAMS 0x000000070e800000, 0x000000070e800000| Complete 
| 117|0x000000070ea00000, 0x000000070ec00000, 0x000000070ec00000|100%| E|CS|TAMS 0x000000070ea00000, 0x000000070ea00000| Complete 
| 118|0x000000070ec00000, 0x000000070ee00000, 0x000000070ee00000|100%| E|CS|TAMS 0x000000070ec00000, 0x000000070ec00000| Complete 
| 119|0x000000070ee00000, 0x000000070f000000, 0x000000070f000000|100%| E|CS|TAMS 0x000000070ee00000, 0x000000070ee00000| Complete 
| 120|0x000000070f000000, 0x000000070f200000, 0x000000070f200000|100%| E|CS|TAMS 0x000000070f000000, 0x000000070f000000| Complete 
| 121|0x000000070f200000, 0x000000070f400000, 0x000000070f400000|100%| E|CS|TAMS 0x000000070f200000, 0x000000070f200000| Complete 
| 122|0x000000070f400000, 0x000000070f600000, 0x000000070f600000|100%| E|CS|TAMS 0x000000070f400000, 0x000000070f400000| Complete 
| 123|0x000000070f600000, 0x000000070f800000, 0x000000070f800000|100%| E|CS|TAMS 0x000000070f600000, 0x000000070f600000| Complete 
| 124|0x000000070f800000, 0x000000070fa00000, 0x000000070fa00000|100%| E|CS|TAMS 0x000000070f800000, 0x000000070f800000| Complete 
| 125|0x000000070fa00000, 0x000000070fc00000, 0x000000070fc00000|100%| E|CS|TAMS 0x000000070fa00000, 0x000000070fa00000| Complete 
| 126|0x000000070fc00000, 0x000000070fe00000, 0x000000070fe00000|100%| E|CS|TAMS 0x000000070fc00000, 0x000000070fc00000| Complete 
| 127|0x000000070fe00000, 0x0000000710000000, 0x0000000710000000|100%| E|CS|TAMS 0x000000070fe00000, 0x000000070fe00000| Complete 
|2046|0x00000007ffc00000, 0x00000007ffd78000, 0x00000007ffe00000| 73%|OA|  |TAMS 0x00000007ffc00000, 0x00000007ffc00000| Untracked 
|2047|0x00000007ffe00000, 0x00000007ffe80000, 0x0000000800000000| 25%|CA|  |TAMS 0x00000007ffe00000, 0x00000007ffe00000| Untracked 

Card table byte_map: [0x0000000120de4000,0x00000001215e4000] _byte_map_base: 0x000000011d5e4000

Marking Bits (Prev, Next): (CMBitMap*) 0x0000000122033610, (CMBitMap*) 0x0000000122033650
 Prev Bits: [0x0000000124000000, 0x0000000128000000)
 Next Bits: [0x0000000130000000, 0x0000000134000000)

Polling page: 0x0000000104240000

Metaspace:

Usage:
  Non-class:     14.68 MB used.
      Class:      2.68 MB used.
       Both:     17.37 MB used.

Virtual space:
  Non-class space:       16.00 MB reserved,      14.81 MB ( 93%) committed,  2 nodes.
      Class space:        1.00 GB reserved,       2.81 MB ( <1%) committed,  1 nodes.
             Both:        1.02 GB reserved,      17.62 MB (  2%) committed. 

Chunk freelists:
   Non-Class:  928.00 KB
       Class:  1.11 MB
        Both:  2.02 MB

MaxMetaspaceSize: unlimited
CompressedClassSpaceSize: 1.00 GB
Initial GC threshold: 21.00 MB
Current GC threshold: 21.00 MB
CDS: on
MetaspaceReclaimPolicy: balanced
 - commit_granule_bytes: 65536.
 - commit_granule_words: 8192.
 - virtual_space_node_default_size: 1048576.
 - enlarge_chunks_in_place: 1.
 - new_chunks_are_fully_committed: 0.
 - uncommit_free_chunks: 1.
 - use_allocation_guard: 0.
 - handle_deallocations: 1.


Internal statistics:

num_allocs_failed_limit: 0.
num_arena_births: 212.
num_arena_deaths: 0.
num_vsnodes_births: 3.
num_vsnodes_deaths: 0.
num_space_committed: 282.
num_space_uncommitted: 0.
num_chunks_returned_to_freelist: 0.
num_chunks_taken_from_freelist: 794.
num_chunk_merges: 0.
num_chunk_splits: 574.
num_chunks_enlarged: 463.
num_purges: 0.
num_inconsistent_stats: 0.

CodeHeap 'non-profiled nmethods': size=120032Kb used=1115Kb max_used=1115Kb free=118916Kb
 bounds [0x00000001198ac000, 0x0000000119b1c000, 0x0000000120de4000]
CodeHeap 'profiled nmethods': size=120016Kb used=6073Kb max_used=6073Kb free=113942Kb
 bounds [0x0000000112378000, 0x0000000112968000, 0x00000001198ac000]
CodeHeap 'non-nmethods': size=5712Kb used=1382Kb max_used=1459Kb free=4329Kb
 bounds [0x0000000111de4000, 0x0000000112054000, 0x0000000112378000]
 total_blobs=3685 nmethods=2912 adapters=688
 compilation: enabled
              stopped_count=0, restarted_count=0
 full_count=0

Compilation events (20 events):
Event: 3.317 Thread 0x0000000122104a00 2978       3       java.util.WeakHashMap::newTable (5 bytes)
Event: 3.318 Thread 0x0000000122104a00 nmethod 2978 0x0000000112960990 code [0x0000000112960b40, 0x0000000112960d28]
Event: 3.324 Thread 0x0000000122104a00 2979       3       com.sun.javafx.geom.Vec3d::length (33 bytes)
Event: 3.324 Thread 0x0000000122104a00 nmethod 2979 0x0000000112960e10 code [0x0000000112960fc0, 0x0000000112961128]
Event: 3.324 Thread 0x0000000122104a00 2980       1       javafx.scene.Scene::isDepthBuffer (5 bytes)
Event: 3.324 Thread 0x0000000122104a00 nmethod 2980 0x00000001199c2b90 code [0x00000001199c2d00, 0x00000001199c2de8]
Event: 3.335 Thread 0x0000000122104a00 2982       3       java.util.WeakHashMap::<init> (133 bytes)
Event: 3.335 Thread 0x0000000122104a00 nmethod 2982 0x0000000112961210 code [0x0000000112961680, 0x0000000112962c58]
Event: 3.335 Thread 0x0000000122104a00 2981       3       java.util.WeakHashMap::<init> (9 bytes)
Event: 3.335 Thread 0x0000000122104a00 nmethod 2981 0x0000000112963410 code [0x00000001129635c0, 0x0000000112963758]
Event: 3.385 Thread 0x0000000122104a00 2983       3       jdk.internal.misc.Unsafe::getAndBitwiseAndInt (27 bytes)
Event: 3.385 Thread 0x0000000122104a00 nmethod 2983 0x0000000112963810 code [0x00000001129639c0, 0x0000000112963c18]
Event: 3.435 Thread 0x0000000122104a00 2986       3       java.util.concurrent.locks.AbstractQueuedSynchronizer$ConditionNode::isReleasable (23 bytes)
Event: 3.435 Thread 0x0000000122104a00 nmethod 2986 0x0000000112963d10 code [0x0000000112963ec0, 0x0000000112964168]
Event: 3.435 Thread 0x0000000122104a00 2984       3       java.util.concurrent.locks.LockSupport::setCurrentBlocker (14 bytes)
Event: 3.435 Thread 0x0000000122104a00 nmethod 2984 0x0000000112964210 code [0x00000001129643c0, 0x0000000112964618]
Event: 3.435 Thread 0x0000000122104a00 2985       3       java.util.concurrent.locks.AbstractQueuedSynchronizer$ConditionObject::canReacquire (28 bytes)
Event: 3.435 Thread 0x0000000122104a00 nmethod 2985 0x0000000112964710 code [0x00000001129648c0, 0x0000000112964c68]
Event: 3.451 Thread 0x0000000122104a00 2987       3       java.util.concurrent.locks.AbstractQueuedSynchronizer$Node::getAndUnsetStatus (14 bytes)
Event: 3.451 Thread 0x0000000122104a00 nmethod 2987 0x0000000112964e10 code [0x0000000112964fc0, 0x0000000112965298]

GC Heap History (2 events):
Event: 0.242 GC heap before
{Heap before GC invocations=0 (full 0):
 garbage-first heap   total 266240K, used 24544K [0x0000000700000000, 0x0000000800000000)
  region size 2048K, 11 young (22528K), 0 survivors (0K)
 Metaspace       used 6409K, committed 6592K, reserved 1056768K
  class space    used 814K, committed 896K, reserved 1048576K
}
Event: 0.243 GC heap after
{Heap after GC invocations=1 (full 0):
 garbage-first heap   total 266240K, used 4938K [0x0000000700000000, 0x0000000800000000)
  region size 2048K, 2 young (4096K), 2 survivors (4096K)
 Metaspace       used 6409K, committed 6592K, reserved 1056768K
  class space    used 814K, committed 896K, reserved 1048576K
}

Deoptimization events (20 events):
Event: 2.169 Thread 0x0000000123020600 Uncommon trap: trap_request=0xffffff45 fr.pc=0x00000001199ae8a0 relative=0x0000000000000160
Event: 2.169 Thread 0x0000000123020600 Uncommon trap: reason=unstable_if action=reinterpret pc=0x00000001199ae8a0 method=com.sun.javafx.sg.prism.NGNode.getOpaqueRegion()Lcom/sun/javafx/geom/RectBounds; @ 4 c2
Event: 2.169 Thread 0x0000000123020600 DEOPT PACKING pc=0x00000001199ae8a0 sp=0x000000016e66d840
Event: 2.169 Thread 0x0000000123020600 DEOPT UNPACKING pc=0x0000000111e22d1c sp=0x000000016e66d730 mode 2
Event: 2.169 Thread 0x0000000123020600 Uncommon trap: trap_request=0xffffff66 fr.pc=0x00000001199b0458 relative=0x0000000000000f18
Event: 2.169 Thread 0x0000000123020600 Uncommon trap: reason=speculate_class_check action=maybe_recompile pc=0x00000001199b0458 method=com.sun.javafx.sg.prism.NGNode.doRender(Lcom/sun/prism/Graphics;)V @ 330 c2
Event: 2.169 Thread 0x0000000123020600 DEOPT PACKING pc=0x00000001199b0458 sp=0x000000016e66d5d0
Event: 2.169 Thread 0x0000000123020600 DEOPT UNPACKING pc=0x0000000111e22d1c sp=0x000000016e66d4a0 mode 2
Event: 2.169 Thread 0x0000000123020600 Uncommon trap: trap_request=0xffffff66 fr.pc=0x00000001199b0458 relative=0x0000000000000f18
Event: 2.169 Thread 0x0000000123020600 Uncommon trap: reason=speculate_class_check action=maybe_recompile pc=0x00000001199b0458 method=com.sun.javafx.sg.prism.NGNode.doRender(Lcom/sun/prism/Graphics;)V @ 330 c2
Event: 2.169 Thread 0x0000000123020600 DEOPT PACKING pc=0x00000001199b0458 sp=0x000000016e66d5d0
Event: 2.169 Thread 0x0000000123020600 DEOPT UNPACKING pc=0x0000000111e22d1c sp=0x000000016e66d4a0 mode 2
Event: 2.169 Thread 0x0000000123020600 Uncommon trap: trap_request=0xffffff66 fr.pc=0x00000001199b0458 relative=0x0000000000000f18
Event: 2.169 Thread 0x0000000123020600 Uncommon trap: reason=speculate_class_check action=maybe_recompile pc=0x00000001199b0458 method=com.sun.javafx.sg.prism.NGNode.doRender(Lcom/sun/prism/Graphics;)V @ 330 c2
Event: 2.169 Thread 0x0000000123020600 DEOPT PACKING pc=0x00000001199b0458 sp=0x000000016e66d5d0
Event: 2.169 Thread 0x0000000123020600 DEOPT UNPACKING pc=0x0000000111e22d1c sp=0x000000016e66d4a0 mode 2
Event: 2.169 Thread 0x0000000123020600 Uncommon trap: trap_request=0xffffff66 fr.pc=0x00000001199b0458 relative=0x0000000000000f18
Event: 2.169 Thread 0x0000000123020600 Uncommon trap: reason=speculate_class_check action=maybe_recompile pc=0x00000001199b0458 method=com.sun.javafx.sg.prism.NGNode.doRender(Lcom/sun/prism/Graphics;)V @ 330 c2
Event: 2.169 Thread 0x0000000123020600 DEOPT PACKING pc=0x00000001199b0458 sp=0x000000016e66d5d0
Event: 2.169 Thread 0x0000000123020600 DEOPT UNPACKING pc=0x0000000111e22d1c sp=0x000000016e66d4a0 mode 2

Classes unloaded (0 events):
No events

Classes redefined (0 events):
No events

Internal exceptions (20 events):
Event: 0.274 Thread 0x0000000122237200 Exception <a 'java/lang/NoSuchMethodError'{0x000000070f878480}: 'void java.lang.invoke.DirectMethodHandle$Holder.invokeSpecial(java.lang.Object, java.lang.Object, java.lang.Object, java.lang.Object, java.lang.Object)'> (0x000000070f878480) 
thrown [open/src/hotspot/share/interpreter/linkResolver.cpp, line 759]
Event: 0.355 Thread 0x0000000122237200 Implicit null exception at 0x00000001198ecff8 to 0x00000001198ed088
Event: 0.360 Thread 0x0000000122237200 Implicit null exception at 0x00000001198f9194 to 0x00000001198f951c
Event: 0.361 Thread 0x0000000122237200 Implicit null exception at 0x00000001198f7254 to 0x00000001198f75ac
Event: 0.396 Thread 0x0000000122237200 Exception <a 'java/lang/NoSuchMethodError'{0x000000070f1fc298}: 'java.lang.Object java.lang.invoke.DirectMethodHandle$Holder.invokeInterface(java.lang.Object, java.lang.Object, java.lang.Object)'> (0x000000070f1fc298) 
thrown [open/src/hotspot/share/interpreter/linkResolver.cpp, line 759]
Event: 0.396 Thread 0x0000000122237200 Exception <a 'java/lang/IncompatibleClassChangeError'{0x000000070ee00048}: Found class java.lang.Object, but interface was expected> (0x000000070ee00048) 
thrown [open/src/hotspot/share/interpreter/linkResolver.cpp, line 826]
Event: 0.410 Thread 0x0000000122237200 Exception <a 'java/lang/ClassNotFoundException'{0x000000070efee4f0}: com/sun/javafx/scene/control/skin/resources/controls> (0x000000070efee4f0) 
thrown [open/src/hotspot/share/prims/jni.cpp, line 535]
Event: 0.410 Thread 0x0000000122237200 Exception <a 'java/lang/ClassNotFoundException'{0x000000070effc490}: com/sun/javafx/scene/control/skin/resources/controls_en> (0x000000070effc490) 
thrown [open/src/hotspot/share/prims/jni.cpp, line 535]
Event: 0.410 Thread 0x0000000122237200 Exception <a 'java/lang/ClassNotFoundException'{0x000000070effdb30}: com/sun/javafx/scene/control/skin/resources/controls_en_CA> (0x000000070effdb30) 
thrown [open/src/hotspot/share/prims/jni.cpp, line 535]
Event: 0.424 Thread 0x0000000122237200 Exception <a 'java/lang/NoSuchMethodError'{0x000000070ea25b10}: 'void java.lang.invoke.DirectMethodHandle$Holder.invokeSpecial(java.lang.Object, java.lang.Object, java.lang.Object, java.lang.Object, java.lang.Object, java.lang.Object)'> (0x000000070ea25b10) 
thrown [open/src/hotspot/share/interpreter/linkResolver.cpp, line 759]
Event: 0.459 Thread 0x0000000122237200 Exception <a 'java/lang/NoSuchMethodError'{0x000000070e24bc60}: 'java.lang.Object java.lang.invoke.DirectMethodHandle$Holder.newInvokeSpecial(java.lang.Object, java.lang.Object, int, int)'> (0x000000070e24bc60) 
thrown [open/src/hotspot/share/interpreter/linkResolver.cpp, line 759]
Event: 0.462 Thread 0x0000000122237200 Exception <a 'java/lang/NoSuchMethodError'{0x000000070e25fe20}: 'java.lang.Object java.lang.invoke.DirectMethodHandle$Holder.newInvokeSpecial(java.lang.Object, java.lang.Object, int)'> (0x000000070e25fe20) 
thrown [open/src/hotspot/share/interpreter/linkResolver.cpp, line 759]
Event: 0.498 Thread 0x0000000123020600 Exception <a 'java/lang/NoSuchMethodError'{0x000000070e066aa0}: 'int java.lang.invoke.DirectMethodHandle$Holder.invokeStaticInit(java.lang.Object, java.lang.Object)'> (0x000000070e066aa0) 
thrown [open/src/hotspot/share/interpreter/linkResolver.cpp, line 759]
Event: 1.236 Thread 0x0000000122237200 Exception <a 'java/lang/NoSuchMethodError'{0x000000070e117c08}: 'java.lang.Object java.lang.invoke.DirectMethodHandle$Holder.newInvokeSpecial(java.lang.Object, java.lang.Object, int, int, int, int, int, java.lang.Object)'> (0x000000070e117c08) 
thrown [open/src/hotspot/share/interpreter/linkResolver.cpp, line 759]
Event: 1.236 Thread 0x0000000122237200 Exception <a 'java/lang/NoSuchMethodError'{0x000000070e12abe8}: 'java.lang.Object java.lang.invoke.DirectMethodHandle$Holder.newInvokeSpecial(java.lang.Object, java.lang.Object, java.lang.Object, int, int, int, int, int)'> (0x000000070e12abe8) 
thrown [open/src/hotspot/share/interpreter/linkResolver.cpp, line 759]
Event: 1.236 Thread 0x0000000122237200 Exception <a 'java/lang/NoSuchMethodError'{0x000000070e132448}: 'java.lang.Object java.lang.invoke.Invokers$Holder.linkToTargetMethod(java.lang.Object, java.lang.Object, int, int, int, int, int, java.lang.Object)'> (0x000000070e132448) 
thrown [open/src/hotspot/share/interpreter/linkResolver.cpp, line 759]
Event: 1.237 Thread 0x0000000122237200 Exception <a 'java/lang/NoSuchMethodError'{0x000000070e14a570}: 'long java.lang.invoke.DirectMethodHandle$Holder.invokeStatic(java.lang.Object, java.lang.Object, java.lang.Object)'> (0x000000070e14a570) 
thrown [open/src/hotspot/share/interpreter/linkResolver.cpp, line 759]
Event: 1.237 Thread 0x0000000122237200 Exception <a 'java/lang/NoSuchMethodError'{0x000000070dd63140}: 'long java.lang.invoke.DirectMethodHandle$Holder.invokeStaticInit(java.lang.Object, java.lang.Object, java.lang.Object)'> (0x000000070dd63140) 
thrown [open/src/hotspot/share/interpreter/linkResolver.cpp, line 759]
Event: 1.238 Thread 0x0000000122237200 Exception <a 'java/lang/NoSuchMethodError'{0x000000070dd7ad48}: 'java.lang.Object java.lang.invoke.DirectMethodHandle$Holder.newInvokeSpecial(java.lang.Object, java.lang.Object, long)'> (0x000000070dd7ad48) 
thrown [open/src/hotspot/share/interpreter/linkResolver.cpp, line 759]
Event: 1.238 Thread 0x0000000122237200 Exception <a 'java/lang/NoSuchMethodError'{0x000000070dd7e610}: 'java.lang.Object java.lang.invoke.Invokers$Holder.linkToTargetMethod(java.lang.Object, long, java.lang.Object)'> (0x000000070dd7e610) 
thrown [open/src/hotspot/share/interpreter/linkResolver.cpp, line 759]

VM Operations (20 events):
Event: 0.411 Executing VM operation: ICBufferFull
Event: 0.411 Executing VM operation: ICBufferFull done
Event: 0.489 Executing VM operation: ICBufferFull
Event: 0.489 Executing VM operation: ICBufferFull done
Event: 1.355 Executing VM operation: HandshakeAllThreads
Event: 1.355 Executing VM operation: HandshakeAllThreads done
Event: 1.356 Executing VM operation: ICBufferFull
Event: 1.356 Executing VM operation: ICBufferFull done
Event: 1.367 Executing VM operation: HandshakeAllThreads
Event: 1.367 Executing VM operation: HandshakeAllThreads done
Event: 1.391 Executing VM operation: ICBufferFull
Event: 1.391 Executing VM operation: ICBufferFull done
Event: 1.415 Executing VM operation: ICBufferFull
Event: 1.415 Executing VM operation: ICBufferFull done
Event: 1.585 Executing VM operation: ICBufferFull
Event: 1.585 Executing VM operation: ICBufferFull done
Event: 2.590 Executing VM operation: Cleanup
Event: 2.591 Executing VM operation: Cleanup done
Event: 3.596 Executing VM operation: Cleanup
Event: 3.596 Executing VM operation: Cleanup done

Events (20 events):
Event: 1.331 loading class sun/util/resources/Bundles$2
Event: 1.331 loading class sun/util/resources/Bundles$2 done
Event: 1.344 loading class sun/reflect/generics/tree/BottomSignature
Event: 1.344 loading class sun/reflect/generics/tree/BottomSignature done
Event: 1.344 loading class sun/reflect/generics/tree/Wildcard
Event: 1.344 loading class sun/reflect/generics/tree/Wildcard done
Event: 1.344 loading class sun/reflect/generics/reflectiveObjects/WildcardTypeImpl
Event: 1.344 loading class java/lang/reflect/WildcardType
Event: 1.344 loading class java/lang/reflect/WildcardType done
Event: 1.344 loading class sun/reflect/generics/reflectiveObjects/WildcardTypeImpl done
Event: 1.359 loading class java/io/CharArrayReader
Event: 1.359 loading class java/io/CharArrayReader done
Event: 1.404 loading class java/text/FieldPosition$Delegate
Event: 1.404 loading class java/text/FieldPosition$Delegate done
Event: 1.411 loading class java/util/ComparableTimSort
Event: 1.412 loading class java/util/ComparableTimSort done
Event: 2.451 Protecting memory [0x000000016e884000,0x000000016e890000] with protection modes 3
Event: 2.451 Thread 0x000000013f90de00 Thread exited: 0x000000013f90de00
Event: 3.151 Protecting memory [0x000000016e884000,0x000000016e890000] with protection modes 0
Event: 3.151 Thread 0x000000013e00b200 Thread added: 0x000000013e00b200


Dynamic libraries:
0x0000000104204000 	/Library/Java/JavaVirtualMachines/jdk-17.0.4.jdk/Contents/Home/lib/libjli.dylib
0x00000001a12a6000 	/usr/lib/libz.1.dylib
0x00000001a135d000 	/usr/lib/libSystem.B.dylib
0x00000001a1357000 	/usr/lib/system/libcache.dylib
0x00000001a1315000 	/usr/lib/system/libcommonCrypto.dylib
0x00000001a133e000 	/usr/lib/system/libcompiler_rt.dylib
0x00000001a1335000 	/usr/lib/system/libcopyfile.dylib
0x000000019657f000 	/usr/lib/system/libcorecrypto.dylib
0x0000000196634000 	/usr/lib/system/libdispatch.dylib
0x0000000196802000 	/usr/lib/system/libdyld.dylib
0x00000001a134d000 	/usr/lib/system/libkeymgr.dylib
0x00000001a12f0000 	/usr/lib/system/libmacho.dylib
0x00000001a09e0000 	/usr/lib/system/libquarantine.dylib
0x00000001a134a000 	/usr/lib/system/libremovefile.dylib
0x000000019b979000 	/usr/lib/system/libsystem_asl.dylib
0x0000000196521000 	/usr/lib/system/libsystem_blocks.dylib
0x00000001966bc000 	/usr/lib/system/libsystem_c.dylib
0x00000001a1342000 	/usr/lib/system/libsystem_collections.dylib
0x000000019fe75000 	/usr/lib/system/libsystem_configuration.dylib
0x000000019f0cf000 	/usr/lib/system/libsystem_containermanager.dylib
0x00000001a104d000 	/usr/lib/system/libsystem_coreservices.dylib
0x0000000198f33000 	/usr/lib/system/libsystem_darwin.dylib
0x00000001a134e000 	/usr/lib/system/libsystem_dnssd.dylib
0x00000001966b9000 	/usr/lib/system/libsystem_featureflags.dylib
0x0000000196817000 	/usr/lib/system/libsystem_info.dylib
0x00000001a12b8000 	/usr/lib/system/libsystem_m.dylib
0x0000000196609000 	/usr/lib/system/libsystem_malloc.dylib
0x000000019b907000 	/usr/lib/system/libsystem_networkextension.dylib
0x000000019938c000 	/usr/lib/system/libsystem_notify.dylib
0x00000001a76b0000 	/usr/lib/system/libsystem_product_info_filter.dylib
0x000000019fe7a000 	/usr/lib/system/libsystem_sandbox.dylib
0x00000001a1347000 	/usr/lib/system/libsystem_secinit.dylib
0x00000001967bd000 	/usr/lib/system/libsystem_kernel.dylib
0x000000019680f000 	/usr/lib/system/libsystem_platform.dylib
0x00000001967f5000 	/usr/lib/system/libsystem_pthread.dylib
0x000000019d0d9000 	/usr/lib/system/libsystem_symptoms.dylib
0x0000000196565000 	/usr/lib/system/libsystem_trace.dylib
0x00000001a1322000 	/usr/lib/system/libunwind.dylib
0x0000000196523000 	/usr/lib/system/libxpc.dylib
0x00000001967a5000 	/usr/lib/libc++abi.dylib
0x000000019667b000 	/usr/lib/libobjc.A.dylib
0x00000001a132d000 	/usr/lib/liboah.dylib
0x000000019673e000 	/usr/lib/libc++.1.dylib
0x00000001ad1d8000 	/System/Library/Frameworks/Cocoa.framework/Versions/A/Cocoa
0x00000001993ed000 	/System/Library/Frameworks/AppKit.framework/Versions/C/AppKit
0x000000019c900000 	/System/Library/Frameworks/CoreData.framework/Versions/A/CoreData
0x0000000197748000 	/System/Library/Frameworks/Foundation.framework/Versions/C/Foundation
0x000000019a2a5000 	/System/Library/PrivateFrameworks/UIFoundation.framework/Versions/A/UIFoundation
0x00000001a73aa000 	/System/Library/PrivateFrameworks/RemoteViewServices.framework/Versions/A/RemoteViewServices
0x000000019f81d000 	/System/Library/PrivateFrameworks/XCTTargetBootstrap.framework/Versions/A/XCTTargetBootstrap
0x00000001a309d000 	/System/Library/PrivateFrameworks/InternationalSupport.framework/Versions/A/InternationalSupport
0x00000001a3126000 	/System/Library/PrivateFrameworks/UserActivity.framework/Versions/A/UserActivity
0x00000001a2594000 	/usr/lib/libspindump.dylib
0x000000019a516000 	/System/Library/Frameworks/UniformTypeIdentifiers.framework/Versions/A/UniformTypeIdentifiers
0x000000019dd65000 	/usr/lib/libapp_launch_measurement.dylib
0x000000019d28b000 	/System/Library/PrivateFrameworks/CoreAnalytics.framework/Versions/A/CoreAnalytics
0x000000019dd68000 	/System/Library/PrivateFrameworks/CoreAutoLayout.framework/Versions/A/CoreAutoLayout
0x000000019f10c000 	/System/Library/Frameworks/Metal.framework/Versions/A/Metal
0x000000019fe85000 	/usr/lib/liblangid.dylib
0x000000019f822000 	/System/Library/PrivateFrameworks/CoreSVG.framework/Versions/A/CoreSVG
0x000000019b9ad000 	/System/Library/PrivateFrameworks/SkyLight.framework/Versions/A/SkyLight
0x000000019bd86000 	/System/Library/Frameworks/CoreGraphics.framework/Versions/A/CoreGraphics
0x00000001a7a76000 	/System/Library/Frameworks/Accelerate.framework/Versions/A/Accelerate
0x00000001a200b000 	/System/Library/PrivateFrameworks/IconServices.framework/Versions/A/IconServices
0x000000019f0ee000 	/System/Library/Frameworks/IOSurface.framework/Versions/A/IOSurface
0x000000019d2bc000 	/usr/lib/libDiagnosticMessagesClient.dylib
0x00000001aaf79000 	/System/Library/Frameworks/ApplicationServices.framework/Versions/A/ApplicationServices
0x000000019f805000 	/System/Library/PrivateFrameworks/DFRFoundation.framework/Versions/A/DFRFoundation
0x0000000198c7d000 	/usr/lib/libicucore.A.dylib
0x00000001a3f4a000 	/System/Library/Frameworks/AudioToolbox.framework/Versions/A/AudioToolbox
0x00000001a30a9000 	/System/Library/PrivateFrameworks/DataDetectorsCore.framework/Versions/A/DataDetectorsCore
0x00000001b9ab0000 	/System/Library/PrivateFrameworks/TextInput.framework/Versions/A/TextInput
0x000000019b922000 	/usr/lib/libMobileGestalt.dylib
0x000000019f4d1000 	/System/Library/Frameworks/Carbon.framework/Versions/A/Frameworks/HIToolbox.framework/Versions/A/HIToolbox
0x000000019d73c000 	/System/Library/Frameworks/QuartzCore.framework/Versions/A/QuartzCore
0x00000001988fe000 	/System/Library/Frameworks/Security.framework/Versions/A/Security
0x00000001a73ea000 	/System/Library/Frameworks/Carbon.framework/Versions/A/Frameworks/SpeechRecognition.framework/Versions/A/SpeechRecognition
0x000000019daba000 	/System/Library/PrivateFrameworks/CoreUI.framework/Versions/A/CoreUI
0x00000001981da000 	/System/Library/Frameworks/CoreAudio.framework/Versions/A/CoreAudio
0x000000019d3b0000 	/System/Library/Frameworks/DiskArbitration.framework/Versions/A/DiskArbitration
0x00000001a299e000 	/System/Library/PrivateFrameworks/MultitouchSupport.framework/Versions/A/MultitouchSupport
0x000000019b920000 	/usr/lib/libenergytrace.dylib
0x00000001992b5000 	/System/Library/Frameworks/IOKit.framework/Versions/A/IOKit
0x00000001a77d9000 	/System/Library/Frameworks/CoreServices.framework/Versions/A/CoreServices
0x000000019dcf5000 	/System/Library/PrivateFrameworks/PerformanceAnalysis.framework/Versions/A/PerformanceAnalysis
0x00000001f7ef3000 	/System/Library/Frameworks/OpenGL.framework/Versions/A/OpenGL
0x00000001a08f8000 	/System/Library/PrivateFrameworks/MobileKeyBag.framework/Versions/A/MobileKeyBag
0x000000019c394000 	/System/Library/Frameworks/ColorSync.framework/Versions/A/ColorSync
0x0000000196844000 	/System/Library/Frameworks/CoreFoundation.framework/Versions/A/CoreFoundation
0x000000019faa1000 	/System/Library/Frameworks/CoreImage.framework/Versions/A/CoreImage
0x0000000197ffe000 	/System/Library/Frameworks/CoreText.framework/Versions/A/CoreText
0x000000019f852000 	/System/Library/Frameworks/ImageIO.framework/Versions/A/ImageIO
0x00000001a1363000 	/System/Library/PrivateFrameworks/SoftLinking.framework/Versions/A/SoftLinking
0x000000019ddb3000 	/usr/lib/libxml2.2.dylib
0x00000001a15fc000 	/usr/lib/libcompression.dylib
0x00000001a2ff9000 	/System/Library/PrivateFrameworks/TextureIO.framework/Versions/A/TextureIO
0x00000001a1d24000 	/usr/lib/libate.dylib
0x00000001a1be9000 	/usr/lib/liblzma.5.dylib
0x000000019743b000 	/System/Library/Frameworks/SystemConfiguration.framework/Versions/A/SystemConfiguration
0x00000001a135f000 	/usr/lib/libfakelink.dylib
0x000000019b452000 	/System/Library/Frameworks/CFNetwork.framework/Versions/A/CFNetwork
0x00000001a14a5000 	/usr/lib/libarchive.2.dylib
0x000000019fe81000 	/System/Library/PrivateFrameworks/AppleSystemInfo.framework/Versions/A/AppleSystemInfo
0x00000001a0a0b000 	/usr/lib/libbsm.0.dylib
0x000000019a9bf000 	/usr/lib/libnetwork.dylib
0x00000001a12f9000 	/usr/lib/system/libkxld.dylib
0x00000001a0625000 	/System/Library/PrivateFrameworks/IOMobileFramebuffer.framework/Versions/A/IOMobileFramebuffer
0x0000000216221000 	/usr/lib/libCoreEntitlements.dylib
0x00000001a102f000 	/System/Library/PrivateFrameworks/AppleFSCompression.framework/Versions/A/AppleFSCompression
0x00000001a09f3000 	/usr/lib/libcoretls.dylib
0x00000001a1c02000 	/usr/lib/libcoretls_cfhelpers.dylib
0x00000001a15f7000 	/usr/lib/libpam.2.dylib
0x000000019ccf0000 	/usr/lib/libsqlite3.dylib
0x00000001a1c6b000 	/usr/lib/libxar.1.dylib
0x00000001a1040000 	/usr/lib/libbz2.1.0.dylib
0x00000001a1364000 	/usr/lib/libpcap.A.dylib
0x000000019d0d0000 	/usr/lib/libdns_services.dylib
0x00000001a15ca000 	/usr/lib/libapple_nghttp2.dylib
0x00000001a13a1000 	/usr/lib/libiconv.2.dylib
0x00000001a12ef000 	/usr/lib/libcharset.1.dylib
0x000000019dd31000 	/System/Library/Frameworks/CoreServices.framework/Versions/A/Frameworks/FSEvents.framework/Versions/A/FSEvents
0x0000000198f3e000 	/System/Library/Frameworks/CoreServices.framework/Versions/A/Frameworks/CarbonCore.framework/Versions/A/CarbonCore
0x000000019d310000 	/System/Library/Frameworks/CoreServices.framework/Versions/A/Frameworks/Metadata.framework/Versions/A/Metadata
0x00000001a1053000 	/System/Library/Frameworks/CoreServices.framework/Versions/A/Frameworks/OSServices.framework/Versions/A/OSServices
0x00000001a152b000 	/System/Library/Frameworks/CoreServices.framework/Versions/A/Frameworks/SearchKit.framework/Versions/A/SearchKit
0x000000019d05f000 	/System/Library/Frameworks/CoreServices.framework/Versions/A/Frameworks/AE.framework/Versions/A/AE
0x0000000196d8b000 	/System/Library/Frameworks/CoreServices.framework/Versions/A/Frameworks/LaunchServices.framework/Versions/A/LaunchServices
0x00000001a1b92000 	/System/Library/Frameworks/CoreServices.framework/Versions/A/Frameworks/DictionaryServices.framework/Versions/A/DictionaryServices
0x000000019dd3e000 	/System/Library/Frameworks/CoreServices.framework/Versions/A/Frameworks/SharedFileList.framework/Versions/A/SharedFileList
0x00000001a09e3000 	/usr/lib/libCheckFix.dylib
0x000000019b991000 	/System/Library/PrivateFrameworks/TCC.framework/Versions/A/TCC
0x000000019fe87000 	/System/Library/PrivateFrameworks/CoreNLP.framework/Versions/A/CoreNLP
0x000000019d2bf000 	/System/Library/PrivateFrameworks/MetadataUtilities.framework/Versions/A/MetadataUtilities
0x00000001974f5000 	/usr/lib/libmecabra.dylib
0x00000001a0a1c000 	/usr/lib/libmecab.dylib
0x00000001974c1000 	/usr/lib/libCRFSuite.dylib
0x00000001a0a79000 	/usr/lib/libgermantok.dylib
0x00000001a15a3000 	/usr/lib/libThaiTokenizer.dylib
0x000000019d3b8000 	/System/Library/Frameworks/Accelerate.framework/Versions/A/Frameworks/vImage.framework/Versions/A/vImage
0x00000001a77b0000 	/System/Library/Frameworks/Accelerate.framework/Versions/A/Frameworks/vecLib.framework/Versions/A/vecLib
0x00000001a1cb0000 	/System/Library/Frameworks/Accelerate.framework/Versions/A/Frameworks/vecLib.framework/Versions/A/libvMisc.dylib
0x00000001a052c000 	/System/Library/Frameworks/Accelerate.framework/Versions/A/Frameworks/vecLib.framework/Versions/A/libvDSP.dylib
0x0000000197116000 	/System/Library/Frameworks/Accelerate.framework/Versions/A/Frameworks/vecLib.framework/Versions/A/libBLAS.dylib
0x00000001a16cd000 	/System/Library/Frameworks/Accelerate.framework/Versions/A/Frameworks/vecLib.framework/Versions/A/libLAPACK.dylib
0x00000001a0a7c000 	/System/Library/Frameworks/Accelerate.framework/Versions/A/Frameworks/vecLib.framework/Versions/A/libLinearAlgebra.dylib
0x00000001a15e2000 	/System/Library/Frameworks/Accelerate.framework/Versions/A/Frameworks/vecLib.framework/Versions/A/libSparseBLAS.dylib
0x00000001a16c8000 	/System/Library/Frameworks/Accelerate.framework/Versions/A/Frameworks/vecLib.framework/Versions/A/libQuadrature.dylib
0x000000019ff80000 	/System/Library/Frameworks/Accelerate.framework/Versions/A/Frameworks/vecLib.framework/Versions/A/libBNNS.dylib
0x00000001973d4000 	/System/Library/Frameworks/Accelerate.framework/Versions/A/Frameworks/vecLib.framework/Versions/A/libSparse.dylib
0x000000019ff78000 	/System/Library/PrivateFrameworks/LinguisticData.framework/Versions/A/LinguisticData
0x000000019738c000 	/System/Library/PrivateFrameworks/Lexicon.framework/Versions/A/Lexicon
0x00000001a1ca8000 	/usr/lib/libChineseTokenizer.dylib
0x0000000197b3a000 	/System/Library/PrivateFrameworks/LanguageModeling.framework/Versions/A/LanguageModeling
0x00000001a15a5000 	/System/Library/PrivateFrameworks/AppleSauce.framework/Versions/A/AppleSauce
0x00000001a0612000 	/System/Library/PrivateFrameworks/CoreEmoji.framework/Versions/A/CoreEmoji
0x00000001a1493000 	/usr/lib/libcmph.dylib
0x000000019dd11000 	/System/Library/Frameworks/OpenDirectory.framework/Versions/A/Frameworks/CFOpenDirectory.framework/Versions/A/CFOpenDirectory
0x000000019dd01000 	/System/Library/Frameworks/OpenDirectory.framework/Versions/A/OpenDirectory
0x00000001a1c04000 	/System/Library/PrivateFrameworks/APFS.framework/Versions/A/APFS
0x00000001a0933000 	/System/Library/Frameworks/SecurityFoundation.framework/Versions/A/SecurityFoundation
0x00000001a1c7a000 	/usr/lib/libutil.dylib
0x0000000199277000 	/System/Library/PrivateFrameworks/CoreServicesStore.framework/Versions/A/CoreServicesStore
0x00000001a1c7e000 	/usr/lib/libxslt.1.dylib
0x00000001a09c7000 	/System/Library/PrivateFrameworks/BackgroundTaskManagement.framework/Versions/A/BackgroundTaskManagement
0x00000001a2f1a000 	/System/Library/Frameworks/ImageIO.framework/Versions/A/Resources/libRadiance.dylib
0x00000001a2f23000 	/System/Library/Frameworks/ImageIO.framework/Versions/A/Resources/libJPEG.dylib
0x00000001a2e76000 	/System/Library/Frameworks/ImageIO.framework/Versions/A/Resources/libPng.dylib
0x00000001a2e98000 	/System/Library/Frameworks/ImageIO.framework/Versions/A/Resources/libTIFF.dylib
0x00000001a2f7e000 	/System/Library/Frameworks/ImageIO.framework/Versions/A/Resources/libGIF.dylib
0x00000001a28ae000 	/System/Library/Frameworks/ImageIO.framework/Versions/A/Resources/libJP2.dylib
0x00000001a1fd0000 	/usr/lib/libexpat.1.dylib
0x00000001a2869000 	/System/Library/PrivateFrameworks/AppleJPEG.framework/Versions/A/AppleJPEG
0x000000019f38d000 	/System/Library/PrivateFrameworks/FontServices.framework/libFontParser.dylib
0x000000019d004000 	/System/Library/PrivateFrameworks/RunningBoardServices.framework/Versions/A/RunningBoardServices
0x00000001ad8ae000 	/System/Library/PrivateFrameworks/IOSurfaceAccelerator.framework/Versions/A/IOSurfaceAccelerator
0x00000001a299a000 	/System/Library/PrivateFrameworks/WatchdogClient.framework/Versions/A/WatchdogClient
0x0000000197c3a000 	/System/Library/Frameworks/CoreDisplay.framework/Versions/A/CoreDisplay
0x000000019f277000 	/System/Library/Frameworks/CoreMedia.framework/Versions/A/CoreMedia
0x000000019f102000 	/System/Library/PrivateFrameworks/IOAccelerator.framework/Versions/A/IOAccelerator
0x000000019dea1000 	/System/Library/Frameworks/CoreVideo.framework/Versions/A/CoreVideo
0x00000001a15f5000 	/System/Library/Frameworks/MetalPerformanceShaders.framework/Versions/A/MetalPerformanceShaders
0x00000001a29d9000 	/System/Library/Frameworks/VideoToolbox.framework/Versions/A/VideoToolbox
0x000000019cf48000 	/System/Library/PrivateFrameworks/BaseBoard.framework/Versions/A/BaseBoard
0x000000019ccd6000 	/System/Library/PrivateFrameworks/ProtocolBuffer.framework/Versions/A/ProtocolBuffer
0x00000001a2f15000 	/System/Library/PrivateFrameworks/GPUWrangler.framework/Versions/A/GPUWrangler
0x00000001a2ef5000 	/System/Library/PrivateFrameworks/IOPresentment.framework/Versions/A/IOPresentment
0x00000001a2f1d000 	/System/Library/PrivateFrameworks/DSExternalDisplay.framework/Versions/A/DSExternalDisplay
0x00000001f7ee6000 	/System/Library/Frameworks/OpenGL.framework/Versions/A/Libraries/libCoreFSCache.dylib
0x0000000202d10000 	/System/Library/PrivateFrameworks/GPUCompiler.framework/Versions/31001/Libraries/libGPUCompilerUtils.dylib
0x00000001a2f83000 	/System/Library/PrivateFrameworks/CMCaptureCore.framework/Versions/A/CMCaptureCore
0x00000001a2581000 	/System/Library/PrivateFrameworks/AppServerSupport.framework/Versions/A/AppServerSupport
0x00000001a4807000 	/System/Library/PrivateFrameworks/perfdata.framework/Versions/A/perfdata
0x0000000197d5a000 	/System/Library/PrivateFrameworks/AudioToolboxCore.framework/Versions/A/AudioToolboxCore
0x000000019f250000 	/System/Library/PrivateFrameworks/caulk.framework/Versions/A/caulk
0x00000001a40fc000 	/usr/lib/libAudioStatistics.dylib
0x00000001b6105000 	/System/Library/PrivateFrameworks/SystemPolicy.framework/Versions/A/SystemPolicy
0x00000001a4368000 	/usr/lib/libSMC.dylib
0x00000001ad0b6000 	/System/Library/Frameworks/CoreMIDI.framework/Versions/A/CoreMIDI
0x00000001a2e44000 	/usr/lib/libAudioToolboxUtility.dylib
0x00000001b2275000 	/System/Library/PrivateFrameworks/OSAServicesClient.framework/Versions/A/OSAServicesClient
0x00000001a4814000 	/usr/lib/libperfcheck.dylib
0x00000001b6c24000 	/usr/lib/libmis.dylib
0x00000001f7f48000 	/System/Library/Frameworks/OpenGL.framework/Versions/A/Libraries/libGLU.dylib
0x00000001f7f07000 	/System/Library/Frameworks/OpenGL.framework/Versions/A/Libraries/libGFXShared.dylib
0x00000001f80f4000 	/System/Library/Frameworks/OpenGL.framework/Versions/A/Libraries/libGL.dylib
0x00000001f7f10000 	/System/Library/Frameworks/OpenGL.framework/Versions/A/Libraries/libGLImage.dylib
0x00000001f7f04000 	/System/Library/Frameworks/OpenGL.framework/Versions/A/Libraries/libCVMSPluginSupport.dylib
0x00000001f7eed000 	/System/Library/Frameworks/OpenGL.framework/Versions/A/Libraries/libCoreVMClient.dylib
0x000000019fe01000 	/System/Library/Frameworks/MetalPerformanceShaders.framework/Versions/A/Frameworks/MPSCore.framework/Versions/A/MPSCore
0x00000001a0fa2000 	/System/Library/Frameworks/MetalPerformanceShaders.framework/Versions/A/Frameworks/MPSImage.framework/Versions/A/MPSImage
0x00000001a0a91000 	/System/Library/Frameworks/MetalPerformanceShaders.framework/Versions/A/Frameworks/MPSNeuralNetwork.framework/Versions/A/MPSNeuralNetwork
0x00000001a0eca000 	/System/Library/Frameworks/MetalPerformanceShaders.framework/Versions/A/Frameworks/MPSMatrix.framework/Versions/A/MPSMatrix
0x00000001a0ca3000 	/System/Library/Frameworks/MetalPerformanceShaders.framework/Versions/A/Frameworks/MPSRayIntersector.framework/Versions/A/MPSRayIntersector
0x00000001a0efb000 	/System/Library/Frameworks/MetalPerformanceShaders.framework/Versions/A/Frameworks/MPSNDArray.framework/Versions/A/MPSNDArray
0x00000001fa973000 	/System/Library/Frameworks/MetalPerformanceShaders.framework/Versions/A/Frameworks/MPSFunctions.framework/Versions/A/MPSFunctions
0x0000000196fec000 	/System/Library/PrivateFrameworks/MetalTools.framework/Versions/A/MetalTools
0x000000019fe7f000 	/System/Library/PrivateFrameworks/AggregateDictionary.framework/Versions/A/AggregateDictionary
0x00000001a1db5000 	/usr/lib/libIOReport.dylib
0x00000001ac0d3000 	/System/Library/PrivateFrameworks/ASEProcessing.framework/Versions/A/ASEProcessing
0x00000001a212a000 	/System/Library/PrivateFrameworks/FaceCore.framework/Versions/A/FaceCore
0x00000001a211c000 	/System/Library/PrivateFrameworks/GraphVisualizer.framework/Versions/A/GraphVisualizer
0x0000000202c27000 	/System/Library/PrivateFrameworks/FontServices.framework/Versions/A/FontServices
0x00000001a253d000 	/System/Library/PrivateFrameworks/OTSVG.framework/Versions/A/OTSVG
0x000000019da6a000 	/System/Library/Frameworks/ApplicationServices.framework/Versions/A/Frameworks/ATS.framework/Versions/A/Resources/libFontRegistry.dylib
0x00000001a258a000 	/System/Library/PrivateFrameworks/FontServices.framework/libhvf.dylib
0x0000000202c28000 	/System/Library/PrivateFrameworks/FontServices.framework/libXTFontStaticRegistryData.dylib
0x00000001f8295000 	/System/Library/Frameworks/OpenCL.framework/Versions/A/OpenCL
0x00000001a1f84000 	/System/Library/PrivateFrameworks/AppleVA.framework/Versions/A/AppleVA
0x00000001a4124000 	/System/Library/Frameworks/ApplicationServices.framework/Versions/A/Frameworks/ATS.framework/Versions/A/ATS
0x000000019c493000 	/System/Library/Frameworks/ApplicationServices.framework/Versions/A/Frameworks/HIServices.framework/Versions/A/HIServices
0x00000001a2f8d000 	/System/Library/Frameworks/ApplicationServices.framework/Versions/A/Frameworks/PrintCore.framework/Versions/A/PrintCore
0x00000001a44bb000 	/System/Library/Frameworks/ApplicationServices.framework/Versions/A/Frameworks/QD.framework/Versions/A/QD
0x00000001a44b3000 	/System/Library/Frameworks/ApplicationServices.framework/Versions/A/Frameworks/ColorSyncLegacy.framework/Versions/A/ColorSyncLegacy
0x00000001a4110000 	/System/Library/Frameworks/ApplicationServices.framework/Versions/A/Frameworks/SpeechSynthesis.framework/Versions/A/SpeechSynthesis
0x00000001a2f4e000 	/System/Library/Frameworks/ApplicationServices.framework/Versions/A/Frameworks/ATSUI.framework/Versions/A/ATSUI
0x00000001a4448000 	/usr/lib/libcups.2.dylib
0x00000001a4822000 	/System/Library/Frameworks/Kerberos.framework/Versions/A/Kerberos
0x00000001a4833000 	/System/Library/Frameworks/GSS.framework/Versions/A/GSS
0x00000001a4194000 	/usr/lib/libresolv.9.dylib
0x00000001a2599000 	/System/Library/PrivateFrameworks/Heimdal.framework/Versions/A/Heimdal
0x00000001ab309000 	/System/Library/Frameworks/Kerberos.framework/Versions/A/Libraries/libHeimdalProxy.dylib
0x000000019d0e2000 	/System/Library/Frameworks/Network.framework/Versions/A/Network
0x00000001a1feb000 	/usr/lib/libheimdal-asn1.dylib
0x00000001a4883000 	/System/Library/PrivateFrameworks/CommonAuth.framework/Versions/A/CommonAuth
0x00000001a408a000 	/System/Library/PrivateFrameworks/AudioSession.framework/Versions/A/AudioSession
0x00000001a207d000 	/System/Library/PrivateFrameworks/MediaExperience.framework/Versions/A/MediaExperience
0x00000001a3f10000 	/System/Library/PrivateFrameworks/AudioSession.framework/libSessionUtility.dylib
0x00000001a44c7000 	/System/Library/PrivateFrameworks/AudioResourceArbitration.framework/Versions/A/AudioResourceArbitration
0x00000001a868d000 	/System/Library/PrivateFrameworks/PowerLog.framework/Versions/A/PowerLog
0x00000001a1ff5000 	/System/Library/PrivateFrameworks/IconFoundation.framework/Versions/A/IconFoundation
0x00000001a73d6000 	/System/Library/PrivateFrameworks/SpeechRecognitionCore.framework/Versions/A/SpeechRecognitionCore
0x00000001096f8000 	/Library/Java/JavaVirtualMachines/jdk-17.0.4.jdk/Contents/Home/lib/server/libjvm.dylib
0x0000000104254000 	/Library/Java/JavaVirtualMachines/jdk-17.0.4.jdk/Contents/Home/lib/libjimage.dylib
0x00000001042dc000 	/Library/Java/JavaVirtualMachines/jdk-17.0.4.jdk/Contents/Home/lib/libjava.dylib
0x0000000104570000 	/Library/Java/JavaVirtualMachines/jdk-17.0.4.jdk/Contents/Home/lib/libnio.dylib
0x00000001045b4000 	/Library/Java/JavaVirtualMachines/jdk-17.0.4.jdk/Contents/Home/lib/libnet.dylib
0x0000000104550000 	/Library/Java/JavaVirtualMachines/jdk-17.0.4.jdk/Contents/Home/lib/libzip.dylib
0x0000000104590000 	/Users/nicolejin/.openjfx/cache/17.0.1/libprism_es2.dylib
0x000000019923a000 	/System/Library/PrivateFrameworks/CoreServicesInternal.framework/Versions/A/CoreServicesInternal
0x00000001f80fe000 	/System/Library/Frameworks/OpenGL.framework/Versions/A/Resources/GLEngine.bundle/GLEngine
0x00000001f7f86000 	/System/Library/Frameworks/OpenGL.framework/Versions/A/Libraries/libGLProgrammability.dylib
0x0000000109240000 	/System/Library/Extensions/AppleMetalOpenGLRenderer.bundle/Contents/MacOS/AppleMetalOpenGLRenderer
0x00000001f826d000 	/System/Library/Frameworks/OpenGL.framework/Versions/A/Resources/GLRendererFloat.bundle/GLRendererFloat
0x00000001f8def000 	/System/Library/Extensions/AGXMetalG14G.bundle/Contents/MacOS/AGXMetalG14G
0x00000001b6c40000 	/System/Library/PrivateFrameworks/GPURawCounter.framework/Versions/A/GPURawCounter
0x00000001b13d6000 	/System/Library/PrivateFrameworks/IOGPU.framework/Versions/A/IOGPU
0x0000000109458000 	/Users/nicolejin/.openjfx/cache/17.0.1/libglass.dylib
0x00000001a88e5000 	/System/Library/Frameworks/FileProvider.framework/Versions/A/FileProvider
0x000000019ceb0000 	/System/Library/Frameworks/Accounts.framework/Versions/A/Accounts
0x00000001a8a69000 	/System/Library/PrivateFrameworks/GenerationalStorage.framework/Versions/A/GenerationalStorage
0x00000001a962e000 	/System/Library/PrivateFrameworks/CoreSymbolication.framework/Versions/A/CoreSymbolication
0x00000001a8681000 	/System/Library/PrivateFrameworks/SymptomDiagnosticReporter.framework/Versions/A/SymptomDiagnosticReporter
0x000000019a52a000 	/System/Library/PrivateFrameworks/DesktopServicesPriv.framework/Versions/A/DesktopServicesPriv
0x000000019939c000 	/usr/lib/libsandbox.1.dylib
0x000000019df2f000 	/System/Library/PrivateFrameworks/UserManagement.framework/Versions/A/UserManagement
0x00000001a95eb000 	/System/Library/PrivateFrameworks/DebugSymbols.framework/Versions/A/DebugSymbols
0x00000001a44a6000 	/System/Library/PrivateFrameworks/NetAuth.framework/Versions/A/NetAuth
0x00000001a53c7000 	/System/Library/PrivateFrameworks/Sharing.framework/Versions/A/Sharing
0x000000019deff000 	/System/Library/PrivateFrameworks/login.framework/Versions/A/Frameworks/loginsupport.framework/Versions/A/loginsupport
0x00000001aa820000 	/System/Library/PrivateFrameworks/Apple80211.framework/Versions/A/Apple80211
0x00000001a1086000 	/System/Library/PrivateFrameworks/AuthKit.framework/Versions/A/AuthKit
0x00000001a070e000 	/System/Library/PrivateFrameworks/CoreUtils.framework/Versions/A/CoreUtils
0x00000001a0631000 	/System/Library/Frameworks/CoreWLAN.framework/Versions/A/CoreWLAN
0x00000001a5537000 	/System/Library/Frameworks/IOBluetooth.framework/Versions/A/IOBluetooth
0x00000001aa880000 	/System/Library/PrivateFrameworks/CoreWiFi.framework/Versions/A/CoreWiFi
0x00000001a91cb000 	/System/Library/PrivateFrameworks/FrontBoardServices.framework/Versions/A/FrontBoardServices
0x00000001a9263000 	/System/Library/PrivateFrameworks/BoardServices.framework/Versions/A/BoardServices
0x00000001a0921000 	/System/Library/PrivateFrameworks/AssertionServices.framework/Versions/A/AssertionServices
0x00000001aa9fd000 	/System/Library/PrivateFrameworks/BackBoardServices.framework/Versions/A/BackBoardServices
0x00000001a491a000 	/System/Library/PrivateFrameworks/CorePhoneNumbers.framework/Versions/A/CorePhoneNumbers
0x00000001a41c1000 	/System/Library/PrivateFrameworks/MultiverseSupport.framework/Versions/A/MultiverseSupport
0x00000001aac7e000 	/System/Library/PrivateFrameworks/RemoteServiceDiscovery.framework/Versions/A/RemoteServiceDiscovery
0x00000001a87b1000 	/System/Library/PrivateFrameworks/DiskManagement.framework/Versions/A/DiskManagement
0x00000001a86b4000 	/System/Library/PrivateFrameworks/AppleIDAuthSupport.framework/Versions/A/AppleIDAuthSupport
0x00000001fd1af000 	/System/Library/PrivateFrameworks/AAAFoundation.framework/Versions/A/AAAFoundation
0x00000001a48f9000 	/System/Library/PrivateFrameworks/KeychainCircle.framework/Versions/A/KeychainCircle
0x00000001aac8e000 	/System/Library/PrivateFrameworks/RemoteXPC.framework/Versions/A/RemoteXPC
0x00000001a877d000 	/System/Library/PrivateFrameworks/MediaKit.framework/Versions/A/MediaKit
0x00000001a86c1000 	/System/Library/Frameworks/DiscRecording.framework/Versions/A/DiscRecording
0x00000001a1f00000 	/usr/lib/libCoreStorage.dylib
0x00000001aacfa000 	/usr/lib/libcsfde.dylib
0x00000001a560c000 	/System/Library/PrivateFrameworks/ProtectedCloudStorage.framework/Versions/A/ProtectedCloudStorage
0x00000001aacf2000 	/System/Library/PrivateFrameworks/EFILogin.framework/Versions/A/EFILogin
0x00000001a8a90000 	/System/Library/PrivateFrameworks/OctagonTrust.framework/Versions/A/OctagonTrust
0x0000000201dae000 	/System/Library/PrivateFrameworks/CoreUtilsExtras.framework/Versions/A/CoreUtilsExtras
0x00000001a85e6000 	/System/Library/Frameworks/CoreBluetooth.framework/Versions/A/CoreBluetooth
0x00000001ab38e000 	/System/Library/Frameworks/AudioUnit.framework/Versions/A/AudioUnit
0x00000001a1ef8000 	/usr/lib/libMatch.1.dylib
0x00000001bb126000 	/System/Library/Frameworks/Accelerate.framework/Versions/A/Frameworks/vImage.framework/Versions/A/Libraries/libCGInterfaces.dylib
0x00000001215e4000 	/usr/lib/libobjc-trampolines.dylib
0x000000019dbf9000 	/System/Library/PrivateFrameworks/ViewBridge.framework/Versions/A/ViewBridge
0x00000001a1dbe000 	/System/Library/PrivateFrameworks/CrashReporterSupport.framework/Versions/A/CrashReporterSupport
0x00000001c2bc9000 	/System/Library/PrivateFrameworks/OSAnalytics.framework/Versions/A/OSAnalytics
0x00000001cdf15000 	/System/Library/PrivateFrameworks/Symbolication.framework/Versions/A/Symbolication
0x00000001b6c01000 	/System/Library/PrivateFrameworks/MallocStackLogging.framework/Versions/A/MallocStackLogging
0x000000013cfd0000 	/Users/nicolejin/.openjfx/cache/17.0.1/libjavafx_font.dylib
0x00000001a265c000 	/System/Library/PrivateFrameworks/login.framework/Versions/A/login
0x000000021637e000 	/usr/lib/libRosetta.dylib


VM Arguments:
jvm_args: --module-path=/Users/nicolejin/.m2/repository/org/openjfx/javafx-base/17.0.1/javafx-base-17.0.1-mac-aarch64.jar:/Users/nicolejin/.m2/repository/org/openjfx/javafx-base/17.0.1/javafx-base-17.0.1.jar:/Users/nicolejin/.m2/repository/org/openjfx/javafx-controls/17.0.1/javafx-controls-17.0.1-mac-aarch64.jar:/Users/nicolejin/.m2/repository/org/openjfx/javafx-controls/17.0.1/javafx-controls-17.0.1.jar:/Users/nicolejin/.m2/repository/org/openjfx/javafx-fxml/17.0.1/javafx-fxml-17.0.1-mac-aarch64.jar:/Users/nicolejin/.m2/repository/org/openjfx/javafx-fxml/17.0.1/javafx-fxml-17.0.1.jar:/Users/nicolejin/.m2/repository/org/openjfx/javafx-graphics/17.0.1/javafx-graphics-17.0.1-mac-aarch64.jar:/Users/nicolejin/.m2/repository/org/openjfx/javafx-graphics/17.0.1/javafx-graphics-17.0.1.jar --add-modules=javafx.base,javafx.controls,javafx.fxml,javafx.graphics 
java_command: App
java_class_path (initial): /Users/nicolejin/Documents/GitHub/SortingAlg/target/classes
Launcher Type: SUN_STANDARD

[Global flags]
     intx CICompilerCount                          = 4                                         {product} {ergonomic}
     uint ConcGCThreads                            = 2                                         {product} {ergonomic}
     uint G1ConcRefinementThreads                  = 8                                         {product} {ergonomic}
   size_t G1HeapRegionSize                         = 2097152                                   {product} {ergonomic}
    uintx GCDrainStackTargetSize                   = 64                                        {product} {ergonomic}
   size_t InitialHeapSize                          = 268435456                                 {product} {ergonomic}
   size_t MarkStackSize                            = 4194304                                   {product} {ergonomic}
   size_t MaxHeapSize                              = 4294967296                                {product} {ergonomic}
   size_t MaxNewSize                               = 2575302656                                {product} {ergonomic}
   size_t MinHeapDeltaBytes                        = 2097152                                   {product} {ergonomic}
   size_t MinHeapSize                              = 8388608                                   {product} {ergonomic}
    uintx NonNMethodCodeHeapSize                   = 5839564                                {pd product} {ergonomic}
    uintx NonProfiledCodeHeapSize                  = 122909338                              {pd product} {ergonomic}
    uintx ProfiledCodeHeapSize                     = 122909338                              {pd product} {ergonomic}
    uintx ReservedCodeCacheSize                    = 251658240                              {pd product} {ergonomic}
     bool SegmentedCodeCache                       = true                                      {product} {ergonomic}
   size_t SoftMaxHeapSize                          = 4294967296                             {manageable} {ergonomic}
     bool UseCompressedClassPointers               = true                           {product lp64_product} {ergonomic}
     bool UseCompressedOops                        = true                           {product lp64_product} {ergonomic}
     bool UseG1GC                                  = true                                      {product} {ergonomic}
     bool UseNUMA                                  = false                                     {product} {ergonomic}
     bool UseNUMAInterleaving                      = false                                     {product} {ergonomic}

Logging:
Log output configuration:
 #0: stdout all=warning uptime,level,tags
 #1: stderr all=off uptime,level,tags

Environment Variables:
JAVA_HOME=/Library/Java/JavaVirtualMachines/jdk-17.0.4.jdk/Contents/Home
PATH=/opt/homebrew/bin:/opt/homebrew/sbin:/Library/Frameworks/Python.framework/Versions/3.10/bin:/usr/local/bin:/usr/bin:/bin:/usr/sbin:/sbin:/Users/nicole.jinhotmail.com/wpilib/2022/jdk/bin
SHELL=/bin/zsh
LANG=en_US.UTF-8

Signal Handlers:
   SIGSEGV: crash_handler in libjvm.dylib, mask=11100110000111110111111111111111, flags=SA_RESTART|SA_SIGINFO
    SIGBUS: crash_handler in libjvm.dylib, mask=11100110000111110111111111111111, flags=SA_RESTART|SA_SIGINFO
    SIGFPE: crash_handler in libjvm.dylib, mask=11100110000111110111111111111111, flags=SA_RESTART|SA_SIGINFO
   SIGPIPE: javaSignalHandler in libjvm.dylib, mask=11100110000111110111111111111111, flags=SA_RESTART|SA_SIGINFO
   SIGXFSZ: javaSignalHandler in libjvm.dylib, mask=11100110000111110111111111111111, flags=SA_RESTART|SA_SIGINFO
    SIGILL: crash_handler in libjvm.dylib, mask=11100110000111110111111111111111, flags=SA_RESTART|SA_SIGINFO
   SIGUSR2: SR_handler in libjvm.dylib, mask=00100000000000000000000000000000, flags=SA_RESTART|SA_SIGINFO
    SIGHUP: UserHandler in libjvm.dylib, mask=11100110000111110111111111111111, flags=SA_RESTART|SA_SIGINFO
    SIGINT: UserHandler in libjvm.dylib, mask=11100110000111110111111111111111, flags=SA_RESTART|SA_SIGINFO
   SIGTERM: UserHandler in libjvm.dylib, mask=11100110000111110111111111111111, flags=SA_RESTART|SA_SIGINFO
   SIGQUIT: UserHandler in libjvm.dylib, mask=11100110000111110111111111111111, flags=SA_RESTART|SA_SIGINFO
   SIGTRAP: crash_handler in libjvm.dylib, mask=11100110000111110111111111111111, flags=SA_RESTART|SA_SIGINFO


---------------  S Y S T E M  ---------------

OS:
uname: Darwin 21.5.0 Darwin Kernel Version 21.5.0: Tue Apr 26 20:57:23 PDT 2022; root:xnu-8020.121.3~2/RELEASE_ARM64_T8110 arm64
OS uptime: 3 days 21:30 hours
rlimit (soft/hard): STACK 8176k/65520k , CORE 0k/infinity , NPROC 2666/4000 , NOFILE 10240/infinity , AS infinity/infinity , CPU infinity/infinity , DATA infinity/infinity , FSIZE infinity/infinity , MEMLOCK infinity/infinity , RSS infinity/infinity
load average: 2.02 1.62 1.63

CPU: total 8 (initial active 8) 0x61:0x0:0xda33d83d:0, fp, simd, crc, lse

Memory: 16k page, physical 16777216k(82304k free), swap 1048576k(1016832k free)

vm_info: Java HotSpot(TM) 64-Bit Server VM (17.0.4+11-LTS-179) for bsd-aarch64 JRE (17.0.4+11-LTS-179), built on Jun 28 2022 07:36:09 by "mach5one" with clang Apple LLVM 12.0.0 (clang-1200.0.32.29)

END.
